{"C:\\Users\\Tony\\Desktop\\Events-Manager\\server\\test\\test.js":{"path":"C:\\Users\\Tony\\Desktop\\Events-Manager\\server\\test\\test.js","statementMap":{"0":{"start":{"line":3,"column":12},"end":{"line":3,"column":27}},"1":{"start":{"line":5,"column":13},"end":{"line":5,"column":42}},"2":{"start":{"line":7,"column":16},"end":{"line":7,"column":36}},"3":{"start":{"line":9,"column":17},"end":{"line":9,"column":50}},"4":{"start":{"line":11,"column":14},"end":{"line":11,"column":39}},"5":{"start":{"line":13,"column":15},"end":{"line":13,"column":46}},"6":{"start":{"line":15,"column":13},"end":{"line":15,"column":39}},"7":{"start":{"line":17,"column":14},"end":{"line":17,"column":44}},"8":{"start":{"line":19,"column":39},"end":{"line":19,"column":93}},"9":{"start":{"line":21,"column":0},"end":{"line":21,"column":39}},"10":{"start":{"line":22,"column":0},"end":{"line":22,"column":24}},"11":{"start":{"line":23,"column":13},"end":{"line":23,"column":34}},"12":{"start":{"line":26,"column":0},"end":{"line":639,"column":3}},"13":{"start":{"line":27,"column":2},"end":{"line":32,"column":5}},"14":{"start":{"line":28,"column":4},"end":{"line":30,"column":7}},"15":{"start":{"line":31,"column":4},"end":{"line":31,"column":11}},"16":{"start":{"line":34,"column":2},"end":{"line":188,"column":5}},"17":{"start":{"line":35,"column":4},"end":{"line":50,"column":7}},"18":{"start":{"line":36,"column":17},"end":{"line":41,"column":7}},"19":{"start":{"line":42,"column":6},"end":{"line":49,"column":9}},"20":{"start":{"line":43,"column":8},"end":{"line":43,"column":36}},"21":{"start":{"line":44,"column":8},"end":{"line":44,"column":39}},"22":{"start":{"line":45,"column":8},"end":{"line":45,"column":48}},"23":{"start":{"line":46,"column":8},"end":{"line":46,"column":45}},"24":{"start":{"line":47,"column":8},"end":{"line":47,"column":75}},"25":{"start":{"line":48,"column":8},"end":{"line":48,"column":15}},"26":{"start":{"line":52,"column":4},"end":{"line":67,"column":7}},"27":{"start":{"line":53,"column":17},"end":{"line":58,"column":7}},"28":{"start":{"line":59,"column":6},"end":{"line":66,"column":9}},"29":{"start":{"line":60,"column":8},"end":{"line":60,"column":36}},"30":{"start":{"line":61,"column":8},"end":{"line":61,"column":39}},"31":{"start":{"line":62,"column":8},"end":{"line":62,"column":48}},"32":{"start":{"line":63,"column":8},"end":{"line":63,"column":45}},"33":{"start":{"line":64,"column":8},"end":{"line":64,"column":150}},"34":{"start":{"line":65,"column":8},"end":{"line":65,"column":15}},"35":{"start":{"line":69,"column":4},"end":{"line":84,"column":7}},"36":{"start":{"line":70,"column":17},"end":{"line":75,"column":7}},"37":{"start":{"line":76,"column":6},"end":{"line":83,"column":9}},"38":{"start":{"line":77,"column":8},"end":{"line":77,"column":36}},"39":{"start":{"line":78,"column":8},"end":{"line":78,"column":39}},"40":{"start":{"line":79,"column":8},"end":{"line":79,"column":48}},"41":{"start":{"line":80,"column":8},"end":{"line":80,"column":45}},"42":{"start":{"line":81,"column":8},"end":{"line":81,"column":138}},"43":{"start":{"line":82,"column":8},"end":{"line":82,"column":15}},"44":{"start":{"line":86,"column":4},"end":{"line":101,"column":7}},"45":{"start":{"line":87,"column":17},"end":{"line":92,"column":7}},"46":{"start":{"line":93,"column":6},"end":{"line":100,"column":9}},"47":{"start":{"line":94,"column":8},"end":{"line":94,"column":36}},"48":{"start":{"line":95,"column":8},"end":{"line":95,"column":39}},"49":{"start":{"line":96,"column":8},"end":{"line":96,"column":48}},"50":{"start":{"line":97,"column":8},"end":{"line":97,"column":45}},"51":{"start":{"line":98,"column":8},"end":{"line":98,"column":138}},"52":{"start":{"line":99,"column":8},"end":{"line":99,"column":15}},"53":{"start":{"line":103,"column":4},"end":{"line":119,"column":7}},"54":{"start":{"line":104,"column":17},"end":{"line":109,"column":7}},"55":{"start":{"line":110,"column":6},"end":{"line":118,"column":9}},"56":{"start":{"line":111,"column":8},"end":{"line":111,"column":36}},"57":{"start":{"line":112,"column":8},"end":{"line":112,"column":39}},"58":{"start":{"line":113,"column":8},"end":{"line":113,"column":48}},"59":{"start":{"line":114,"column":8},"end":{"line":114,"column":45}},"60":{"start":{"line":115,"column":8},"end":{"line":115,"column":71}},"61":{"start":{"line":116,"column":8},"end":{"line":116,"column":93}},"62":{"start":{"line":117,"column":8},"end":{"line":117,"column":15}},"63":{"start":{"line":121,"column":4},"end":{"line":136,"column":7}},"64":{"start":{"line":122,"column":17},"end":{"line":127,"column":7}},"65":{"start":{"line":128,"column":6},"end":{"line":135,"column":9}},"66":{"start":{"line":129,"column":8},"end":{"line":129,"column":36}},"67":{"start":{"line":130,"column":8},"end":{"line":130,"column":39}},"68":{"start":{"line":131,"column":8},"end":{"line":131,"column":48}},"69":{"start":{"line":132,"column":8},"end":{"line":132,"column":45}},"70":{"start":{"line":133,"column":8},"end":{"line":133,"column":93}},"71":{"start":{"line":134,"column":8},"end":{"line":134,"column":15}},"72":{"start":{"line":138,"column":4},"end":{"line":153,"column":7}},"73":{"start":{"line":139,"column":17},"end":{"line":144,"column":7}},"74":{"start":{"line":145,"column":6},"end":{"line":152,"column":9}},"75":{"start":{"line":146,"column":8},"end":{"line":146,"column":36}},"76":{"start":{"line":147,"column":8},"end":{"line":147,"column":39}},"77":{"start":{"line":148,"column":8},"end":{"line":148,"column":48}},"78":{"start":{"line":149,"column":8},"end":{"line":149,"column":45}},"79":{"start":{"line":150,"column":8},"end":{"line":150,"column":139}},"80":{"start":{"line":151,"column":8},"end":{"line":151,"column":15}},"81":{"start":{"line":155,"column":4},"end":{"line":170,"column":7}},"82":{"start":{"line":156,"column":17},"end":{"line":161,"column":7}},"83":{"start":{"line":162,"column":6},"end":{"line":169,"column":9}},"84":{"start":{"line":163,"column":8},"end":{"line":163,"column":36}},"85":{"start":{"line":164,"column":8},"end":{"line":164,"column":39}},"86":{"start":{"line":165,"column":8},"end":{"line":165,"column":48}},"87":{"start":{"line":166,"column":8},"end":{"line":166,"column":45}},"88":{"start":{"line":167,"column":8},"end":{"line":167,"column":139}},"89":{"start":{"line":168,"column":8},"end":{"line":168,"column":15}},"90":{"start":{"line":172,"column":4},"end":{"line":187,"column":7}},"91":{"start":{"line":173,"column":17},"end":{"line":178,"column":7}},"92":{"start":{"line":179,"column":6},"end":{"line":186,"column":9}},"93":{"start":{"line":180,"column":8},"end":{"line":180,"column":36}},"94":{"start":{"line":181,"column":8},"end":{"line":181,"column":39}},"95":{"start":{"line":182,"column":8},"end":{"line":182,"column":48}},"96":{"start":{"line":183,"column":8},"end":{"line":183,"column":45}},"97":{"start":{"line":184,"column":8},"end":{"line":184,"column":83}},"98":{"start":{"line":185,"column":8},"end":{"line":185,"column":15}},"99":{"start":{"line":190,"column":2},"end":{"line":238,"column":5}},"100":{"start":{"line":191,"column":4},"end":{"line":213,"column":7}},"101":{"start":{"line":192,"column":17},"end":{"line":197,"column":7}},"102":{"start":{"line":198,"column":18},"end":{"line":203,"column":7}},"103":{"start":{"line":204,"column":6},"end":{"line":212,"column":9}},"104":{"start":{"line":205,"column":8},"end":{"line":211,"column":11}},"105":{"start":{"line":206,"column":10},"end":{"line":206,"column":38}},"106":{"start":{"line":207,"column":10},"end":{"line":207,"column":41}},"107":{"start":{"line":208,"column":10},"end":{"line":208,"column":51}},"108":{"start":{"line":209,"column":10},"end":{"line":209,"column":65}},"109":{"start":{"line":210,"column":10},"end":{"line":210,"column":17}},"110":{"start":{"line":215,"column":4},"end":{"line":237,"column":7}},"111":{"start":{"line":216,"column":17},"end":{"line":221,"column":7}},"112":{"start":{"line":222,"column":18},"end":{"line":227,"column":7}},"113":{"start":{"line":228,"column":6},"end":{"line":236,"column":9}},"114":{"start":{"line":229,"column":8},"end":{"line":235,"column":11}},"115":{"start":{"line":230,"column":10},"end":{"line":230,"column":38}},"116":{"start":{"line":231,"column":10},"end":{"line":231,"column":41}},"117":{"start":{"line":232,"column":10},"end":{"line":232,"column":51}},"118":{"start":{"line":233,"column":10},"end":{"line":233,"column":62}},"119":{"start":{"line":234,"column":10},"end":{"line":234,"column":17}},"120":{"start":{"line":240,"column":2},"end":{"line":312,"column":5}},"121":{"start":{"line":241,"column":4},"end":{"line":253,"column":7}},"122":{"start":{"line":242,"column":17},"end":{"line":245,"column":7}},"123":{"start":{"line":246,"column":6},"end":{"line":252,"column":9}},"124":{"start":{"line":247,"column":8},"end":{"line":247,"column":40}},"125":{"start":{"line":248,"column":8},"end":{"line":248,"column":43}},"126":{"start":{"line":249,"column":8},"end":{"line":249,"column":52}},"127":{"start":{"line":250,"column":8},"end":{"line":250,"column":73}},"128":{"start":{"line":251,"column":8},"end":{"line":251,"column":15}},"129":{"start":{"line":255,"column":4},"end":{"line":267,"column":7}},"130":{"start":{"line":256,"column":17},"end":{"line":259,"column":7}},"131":{"start":{"line":260,"column":6},"end":{"line":266,"column":9}},"132":{"start":{"line":261,"column":8},"end":{"line":261,"column":36}},"133":{"start":{"line":262,"column":8},"end":{"line":262,"column":39}},"134":{"start":{"line":263,"column":8},"end":{"line":263,"column":48}},"135":{"start":{"line":264,"column":8},"end":{"line":264,"column":72}},"136":{"start":{"line":265,"column":8},"end":{"line":265,"column":15}},"137":{"start":{"line":269,"column":4},"end":{"line":289,"column":7}},"138":{"start":{"line":270,"column":18},"end":{"line":275,"column":7}},"139":{"start":{"line":276,"column":18},"end":{"line":279,"column":7}},"140":{"start":{"line":280,"column":6},"end":{"line":288,"column":9}},"141":{"start":{"line":281,"column":8},"end":{"line":287,"column":11}},"142":{"start":{"line":282,"column":10},"end":{"line":282,"column":38}},"143":{"start":{"line":283,"column":10},"end":{"line":283,"column":41}},"144":{"start":{"line":284,"column":10},"end":{"line":284,"column":51}},"145":{"start":{"line":285,"column":10},"end":{"line":285,"column":75}},"146":{"start":{"line":286,"column":10},"end":{"line":286,"column":17}},"147":{"start":{"line":291,"column":4},"end":{"line":311,"column":7}},"148":{"start":{"line":292,"column":18},"end":{"line":297,"column":7}},"149":{"start":{"line":298,"column":18},"end":{"line":301,"column":7}},"150":{"start":{"line":302,"column":6},"end":{"line":310,"column":9}},"151":{"start":{"line":303,"column":8},"end":{"line":309,"column":11}},"152":{"start":{"line":304,"column":10},"end":{"line":304,"column":38}},"153":{"start":{"line":305,"column":10},"end":{"line":305,"column":41}},"154":{"start":{"line":306,"column":10},"end":{"line":306,"column":51}},"155":{"start":{"line":307,"column":10},"end":{"line":307,"column":75}},"156":{"start":{"line":308,"column":10},"end":{"line":308,"column":17}},"157":{"start":{"line":314,"column":2},"end":{"line":546,"column":5}},"158":{"start":{"line":315,"column":4},"end":{"line":338,"column":7}},"159":{"start":{"line":316,"column":18},"end":{"line":328,"column":7}},"160":{"start":{"line":329,"column":6},"end":{"line":337,"column":9}},"161":{"start":{"line":330,"column":8},"end":{"line":330,"column":40}},"162":{"start":{"line":331,"column":8},"end":{"line":331,"column":43}},"163":{"start":{"line":332,"column":8},"end":{"line":332,"column":53}},"164":{"start":{"line":333,"column":8},"end":{"line":333,"column":53}},"165":{"start":{"line":334,"column":8},"end":{"line":334,"column":49}},"166":{"start":{"line":335,"column":8},"end":{"line":335,"column":58}},"167":{"start":{"line":336,"column":8},"end":{"line":336,"column":15}},"168":{"start":{"line":340,"column":4},"end":{"line":361,"column":7}},"169":{"start":{"line":341,"column":18},"end":{"line":353,"column":7}},"170":{"start":{"line":354,"column":6},"end":{"line":360,"column":9}},"171":{"start":{"line":355,"column":8},"end":{"line":355,"column":40}},"172":{"start":{"line":356,"column":8},"end":{"line":356,"column":43}},"173":{"start":{"line":357,"column":8},"end":{"line":357,"column":52}},"174":{"start":{"line":358,"column":8},"end":{"line":358,"column":72}},"175":{"start":{"line":359,"column":8},"end":{"line":359,"column":15}},"176":{"start":{"line":363,"column":4},"end":{"line":384,"column":7}},"177":{"start":{"line":364,"column":18},"end":{"line":376,"column":7}},"178":{"start":{"line":377,"column":6},"end":{"line":383,"column":9}},"179":{"start":{"line":378,"column":8},"end":{"line":378,"column":40}},"180":{"start":{"line":379,"column":8},"end":{"line":379,"column":43}},"181":{"start":{"line":380,"column":8},"end":{"line":380,"column":52}},"182":{"start":{"line":381,"column":8},"end":{"line":381,"column":95}},"183":{"start":{"line":382,"column":8},"end":{"line":382,"column":15}},"184":{"start":{"line":386,"column":4},"end":{"line":407,"column":7}},"185":{"start":{"line":387,"column":18},"end":{"line":399,"column":7}},"186":{"start":{"line":400,"column":6},"end":{"line":406,"column":9}},"187":{"start":{"line":401,"column":8},"end":{"line":401,"column":36}},"188":{"start":{"line":402,"column":8},"end":{"line":402,"column":39}},"189":{"start":{"line":403,"column":8},"end":{"line":403,"column":48}},"190":{"start":{"line":404,"column":8},"end":{"line":404,"column":77}},"191":{"start":{"line":405,"column":8},"end":{"line":405,"column":15}},"192":{"start":{"line":409,"column":4},"end":{"line":430,"column":7}},"193":{"start":{"line":410,"column":18},"end":{"line":422,"column":7}},"194":{"start":{"line":423,"column":6},"end":{"line":429,"column":9}},"195":{"start":{"line":424,"column":8},"end":{"line":424,"column":36}},"196":{"start":{"line":425,"column":8},"end":{"line":425,"column":39}},"197":{"start":{"line":426,"column":8},"end":{"line":426,"column":48}},"198":{"start":{"line":427,"column":8},"end":{"line":427,"column":183}},"199":{"start":{"line":428,"column":8},"end":{"line":428,"column":15}},"200":{"start":{"line":432,"column":4},"end":{"line":453,"column":7}},"201":{"start":{"line":433,"column":18},"end":{"line":445,"column":7}},"202":{"start":{"line":446,"column":6},"end":{"line":452,"column":9}},"203":{"start":{"line":447,"column":8},"end":{"line":447,"column":36}},"204":{"start":{"line":448,"column":8},"end":{"line":448,"column":39}},"205":{"start":{"line":449,"column":8},"end":{"line":449,"column":48}},"206":{"start":{"line":450,"column":8},"end":{"line":450,"column":85}},"207":{"start":{"line":451,"column":8},"end":{"line":451,"column":15}},"208":{"start":{"line":455,"column":4},"end":{"line":476,"column":7}},"209":{"start":{"line":456,"column":18},"end":{"line":468,"column":7}},"210":{"start":{"line":469,"column":6},"end":{"line":475,"column":9}},"211":{"start":{"line":470,"column":8},"end":{"line":470,"column":36}},"212":{"start":{"line":471,"column":8},"end":{"line":471,"column":39}},"213":{"start":{"line":472,"column":8},"end":{"line":472,"column":48}},"214":{"start":{"line":473,"column":8},"end":{"line":473,"column":86}},"215":{"start":{"line":474,"column":8},"end":{"line":474,"column":15}},"216":{"start":{"line":478,"column":4},"end":{"line":499,"column":7}},"217":{"start":{"line":479,"column":18},"end":{"line":491,"column":7}},"218":{"start":{"line":492,"column":6},"end":{"line":498,"column":9}},"219":{"start":{"line":493,"column":8},"end":{"line":493,"column":36}},"220":{"start":{"line":494,"column":8},"end":{"line":494,"column":39}},"221":{"start":{"line":495,"column":8},"end":{"line":495,"column":48}},"222":{"start":{"line":496,"column":8},"end":{"line":496,"column":68}},"223":{"start":{"line":497,"column":8},"end":{"line":497,"column":15}},"224":{"start":{"line":501,"column":4},"end":{"line":522,"column":7}},"225":{"start":{"line":502,"column":18},"end":{"line":514,"column":7}},"226":{"start":{"line":515,"column":6},"end":{"line":521,"column":9}},"227":{"start":{"line":516,"column":8},"end":{"line":516,"column":36}},"228":{"start":{"line":517,"column":8},"end":{"line":517,"column":39}},"229":{"start":{"line":518,"column":8},"end":{"line":518,"column":48}},"230":{"start":{"line":519,"column":8},"end":{"line":519,"column":83}},"231":{"start":{"line":520,"column":8},"end":{"line":520,"column":15}},"232":{"start":{"line":524,"column":4},"end":{"line":545,"column":7}},"233":{"start":{"line":525,"column":18},"end":{"line":537,"column":7}},"234":{"start":{"line":538,"column":6},"end":{"line":544,"column":9}},"235":{"start":{"line":539,"column":8},"end":{"line":539,"column":36}},"236":{"start":{"line":540,"column":8},"end":{"line":540,"column":39}},"237":{"start":{"line":541,"column":8},"end":{"line":541,"column":48}},"238":{"start":{"line":542,"column":8},"end":{"line":542,"column":83}},"239":{"start":{"line":543,"column":8},"end":{"line":543,"column":15}},"240":{"start":{"line":548,"column":2},"end":{"line":638,"column":5}},"241":{"start":{"line":549,"column":4},"end":{"line":565,"column":7}},"242":{"start":{"line":550,"column":19},"end":{"line":557,"column":7}},"243":{"start":{"line":558,"column":6},"end":{"line":564,"column":9}},"244":{"start":{"line":559,"column":8},"end":{"line":559,"column":40}},"245":{"start":{"line":560,"column":8},"end":{"line":560,"column":43}},"246":{"start":{"line":561,"column":8},"end":{"line":561,"column":52}},"247":{"start":{"line":562,"column":8},"end":{"line":562,"column":71}},"248":{"start":{"line":563,"column":8},"end":{"line":563,"column":15}},"249":{"start":{"line":567,"column":4},"end":{"line":583,"column":7}},"250":{"start":{"line":568,"column":19},"end":{"line":575,"column":7}},"251":{"start":{"line":576,"column":6},"end":{"line":582,"column":9}},"252":{"start":{"line":577,"column":8},"end":{"line":577,"column":40}},"253":{"start":{"line":578,"column":8},"end":{"line":578,"column":43}},"254":{"start":{"line":579,"column":8},"end":{"line":579,"column":52}},"255":{"start":{"line":580,"column":8},"end":{"line":580,"column":75}},"256":{"start":{"line":581,"column":8},"end":{"line":581,"column":15}},"257":{"start":{"line":585,"column":4},"end":{"line":601,"column":7}},"258":{"start":{"line":586,"column":19},"end":{"line":593,"column":7}},"259":{"start":{"line":594,"column":6},"end":{"line":600,"column":9}},"260":{"start":{"line":595,"column":8},"end":{"line":595,"column":40}},"261":{"start":{"line":596,"column":8},"end":{"line":596,"column":43}},"262":{"start":{"line":597,"column":8},"end":{"line":597,"column":52}},"263":{"start":{"line":598,"column":8},"end":{"line":598,"column":78}},"264":{"start":{"line":599,"column":8},"end":{"line":599,"column":15}},"265":{"start":{"line":603,"column":4},"end":{"line":619,"column":7}},"266":{"start":{"line":604,"column":19},"end":{"line":611,"column":7}},"267":{"start":{"line":612,"column":6},"end":{"line":618,"column":9}},"268":{"start":{"line":613,"column":8},"end":{"line":613,"column":40}},"269":{"start":{"line":614,"column":8},"end":{"line":614,"column":43}},"270":{"start":{"line":615,"column":8},"end":{"line":615,"column":52}},"271":{"start":{"line":616,"column":8},"end":{"line":616,"column":79}},"272":{"start":{"line":617,"column":8},"end":{"line":617,"column":15}},"273":{"start":{"line":621,"column":4},"end":{"line":637,"column":7}},"274":{"start":{"line":622,"column":19},"end":{"line":629,"column":7}},"275":{"start":{"line":630,"column":6},"end":{"line":636,"column":9}},"276":{"start":{"line":631,"column":8},"end":{"line":631,"column":40}},"277":{"start":{"line":632,"column":8},"end":{"line":632,"column":43}},"278":{"start":{"line":633,"column":8},"end":{"line":633,"column":52}},"279":{"start":{"line":634,"column":8},"end":{"line":634,"column":77}},"280":{"start":{"line":635,"column":8},"end":{"line":635,"column":15}}},"fnMap":{"0":{"name":"_interopRequireDefault","decl":{"start":{"line":19,"column":9},"end":{"line":19,"column":31}},"loc":{"start":{"line":19,"column":37},"end":{"line":19,"column":95}},"line":19},"1":{"name":"(anonymous_1)","decl":{"start":{"line":26,"column":18},"end":{"line":26,"column":19}},"loc":{"start":{"line":26,"column":30},"end":{"line":639,"column":1}},"line":26},"2":{"name":"(anonymous_2)","decl":{"start":{"line":27,"column":12},"end":{"line":27,"column":13}},"loc":{"start":{"line":27,"column":28},"end":{"line":32,"column":3}},"line":27},"3":{"name":"(anonymous_3)","decl":{"start":{"line":34,"column":34},"end":{"line":34,"column":35}},"loc":{"start":{"line":34,"column":46},"end":{"line":188,"column":3}},"line":34},"4":{"name":"(anonymous_4)","decl":{"start":{"line":35,"column":63},"end":{"line":35,"column":64}},"loc":{"start":{"line":35,"column":79},"end":{"line":50,"column":5}},"line":35},"5":{"name":"(anonymous_5)","decl":{"start":{"line":42,"column":84},"end":{"line":42,"column":85}},"loc":{"start":{"line":42,"column":104},"end":{"line":49,"column":7}},"line":42},"6":{"name":"(anonymous_6)","decl":{"start":{"line":52,"column":80},"end":{"line":52,"column":81}},"loc":{"start":{"line":52,"column":96},"end":{"line":67,"column":5}},"line":52},"7":{"name":"(anonymous_7)","decl":{"start":{"line":59,"column":84},"end":{"line":59,"column":85}},"loc":{"start":{"line":59,"column":104},"end":{"line":66,"column":7}},"line":59},"8":{"name":"(anonymous_8)","decl":{"start":{"line":69,"column":81},"end":{"line":69,"column":82}},"loc":{"start":{"line":69,"column":97},"end":{"line":84,"column":5}},"line":69},"9":{"name":"(anonymous_9)","decl":{"start":{"line":76,"column":84},"end":{"line":76,"column":85}},"loc":{"start":{"line":76,"column":104},"end":{"line":83,"column":7}},"line":76},"10":{"name":"(anonymous_10)","decl":{"start":{"line":86,"column":81},"end":{"line":86,"column":82}},"loc":{"start":{"line":86,"column":97},"end":{"line":101,"column":5}},"line":86},"11":{"name":"(anonymous_11)","decl":{"start":{"line":93,"column":84},"end":{"line":93,"column":85}},"loc":{"start":{"line":93,"column":104},"end":{"line":100,"column":7}},"line":93},"12":{"name":"(anonymous_12)","decl":{"start":{"line":103,"column":66},"end":{"line":103,"column":67}},"loc":{"start":{"line":103,"column":82},"end":{"line":119,"column":5}},"line":103},"13":{"name":"(anonymous_13)","decl":{"start":{"line":110,"column":84},"end":{"line":110,"column":85}},"loc":{"start":{"line":110,"column":104},"end":{"line":118,"column":7}},"line":110},"14":{"name":"(anonymous_14)","decl":{"start":{"line":121,"column":75},"end":{"line":121,"column":76}},"loc":{"start":{"line":121,"column":91},"end":{"line":136,"column":5}},"line":121},"15":{"name":"(anonymous_15)","decl":{"start":{"line":128,"column":84},"end":{"line":128,"column":85}},"loc":{"start":{"line":128,"column":104},"end":{"line":135,"column":7}},"line":128},"16":{"name":"(anonymous_16)","decl":{"start":{"line":138,"column":81},"end":{"line":138,"column":82}},"loc":{"start":{"line":138,"column":97},"end":{"line":153,"column":5}},"line":138},"17":{"name":"(anonymous_17)","decl":{"start":{"line":145,"column":84},"end":{"line":145,"column":85}},"loc":{"start":{"line":145,"column":104},"end":{"line":152,"column":7}},"line":145},"18":{"name":"(anonymous_18)","decl":{"start":{"line":155,"column":82},"end":{"line":155,"column":83}},"loc":{"start":{"line":155,"column":98},"end":{"line":170,"column":5}},"line":155},"19":{"name":"(anonymous_19)","decl":{"start":{"line":162,"column":84},"end":{"line":162,"column":85}},"loc":{"start":{"line":162,"column":104},"end":{"line":169,"column":7}},"line":162},"20":{"name":"(anonymous_20)","decl":{"start":{"line":172,"column":68},"end":{"line":172,"column":69}},"loc":{"start":{"line":172,"column":84},"end":{"line":187,"column":5}},"line":172},"21":{"name":"(anonymous_21)","decl":{"start":{"line":179,"column":84},"end":{"line":179,"column":85}},"loc":{"start":{"line":179,"column":104},"end":{"line":186,"column":7}},"line":179},"22":{"name":"(anonymous_22)","decl":{"start":{"line":190,"column":52},"end":{"line":190,"column":53}},"loc":{"start":{"line":190,"column":64},"end":{"line":238,"column":3}},"line":190},"23":{"name":"(anonymous_23)","decl":{"start":{"line":191,"column":69},"end":{"line":191,"column":70}},"loc":{"start":{"line":191,"column":85},"end":{"line":213,"column":5}},"line":191},"24":{"name":"(anonymous_24)","decl":{"start":{"line":204,"column":84},"end":{"line":204,"column":85}},"loc":{"start":{"line":204,"column":96},"end":{"line":212,"column":7}},"line":204},"25":{"name":"(anonymous_25)","decl":{"start":{"line":205,"column":87},"end":{"line":205,"column":88}},"loc":{"start":{"line":205,"column":107},"end":{"line":211,"column":9}},"line":205},"26":{"name":"(anonymous_26)","decl":{"start":{"line":215,"column":66},"end":{"line":215,"column":67}},"loc":{"start":{"line":215,"column":82},"end":{"line":237,"column":5}},"line":215},"27":{"name":"(anonymous_27)","decl":{"start":{"line":228,"column":84},"end":{"line":228,"column":85}},"loc":{"start":{"line":228,"column":96},"end":{"line":236,"column":7}},"line":228},"28":{"name":"(anonymous_28)","decl":{"start":{"line":229,"column":87},"end":{"line":229,"column":88}},"loc":{"start":{"line":229,"column":107},"end":{"line":235,"column":9}},"line":229},"29":{"name":"(anonymous_29)","decl":{"start":{"line":240,"column":40},"end":{"line":240,"column":41}},"loc":{"start":{"line":240,"column":52},"end":{"line":312,"column":3}},"line":240},"30":{"name":"(anonymous_30)","decl":{"start":{"line":241,"column":56},"end":{"line":241,"column":57}},"loc":{"start":{"line":241,"column":72},"end":{"line":253,"column":5}},"line":241},"31":{"name":"(anonymous_31)","decl":{"start":{"line":246,"column":90},"end":{"line":246,"column":91}},"loc":{"start":{"line":246,"column":110},"end":{"line":252,"column":7}},"line":246},"32":{"name":"(anonymous_32)","decl":{"start":{"line":255,"column":56},"end":{"line":255,"column":57}},"loc":{"start":{"line":255,"column":72},"end":{"line":267,"column":5}},"line":255},"33":{"name":"(anonymous_33)","decl":{"start":{"line":260,"column":90},"end":{"line":260,"column":91}},"loc":{"start":{"line":260,"column":110},"end":{"line":266,"column":7}},"line":260},"34":{"name":"(anonymous_34)","decl":{"start":{"line":269,"column":91},"end":{"line":269,"column":92}},"loc":{"start":{"line":269,"column":107},"end":{"line":289,"column":5}},"line":269},"35":{"name":"(anonymous_35)","decl":{"start":{"line":280,"column":85},"end":{"line":280,"column":86}},"loc":{"start":{"line":280,"column":97},"end":{"line":288,"column":7}},"line":280},"36":{"name":"(anonymous_36)","decl":{"start":{"line":281,"column":93},"end":{"line":281,"column":94}},"loc":{"start":{"line":281,"column":113},"end":{"line":287,"column":9}},"line":281},"37":{"name":"(anonymous_37)","decl":{"start":{"line":291,"column":66},"end":{"line":291,"column":67}},"loc":{"start":{"line":291,"column":82},"end":{"line":311,"column":5}},"line":291},"38":{"name":"(anonymous_38)","decl":{"start":{"line":302,"column":85},"end":{"line":302,"column":86}},"loc":{"start":{"line":302,"column":97},"end":{"line":310,"column":7}},"line":302},"39":{"name":"(anonymous_39)","decl":{"start":{"line":303,"column":93},"end":{"line":303,"column":94}},"loc":{"start":{"line":303,"column":113},"end":{"line":309,"column":9}},"line":303},"40":{"name":"(anonymous_40)","decl":{"start":{"line":314,"column":35},"end":{"line":314,"column":36}},"loc":{"start":{"line":314,"column":47},"end":{"line":546,"column":3}},"line":314},"41":{"name":"(anonymous_41)","decl":{"start":{"line":315,"column":65},"end":{"line":315,"column":66}},"loc":{"start":{"line":315,"column":81},"end":{"line":338,"column":5}},"line":315},"42":{"name":"(anonymous_42)","decl":{"start":{"line":329,"column":86},"end":{"line":329,"column":87}},"loc":{"start":{"line":329,"column":106},"end":{"line":337,"column":7}},"line":329},"43":{"name":"(anonymous_43)","decl":{"start":{"line":340,"column":62},"end":{"line":340,"column":63}},"loc":{"start":{"line":340,"column":78},"end":{"line":361,"column":5}},"line":340},"44":{"name":"(anonymous_44)","decl":{"start":{"line":354,"column":125},"end":{"line":354,"column":126}},"loc":{"start":{"line":354,"column":145},"end":{"line":360,"column":7}},"line":354},"45":{"name":"(anonymous_45)","decl":{"start":{"line":363,"column":89},"end":{"line":363,"column":90}},"loc":{"start":{"line":363,"column":105},"end":{"line":384,"column":5}},"line":363},"46":{"name":"(anonymous_46)","decl":{"start":{"line":377,"column":125},"end":{"line":377,"column":126}},"loc":{"start":{"line":377,"column":145},"end":{"line":383,"column":7}},"line":377},"47":{"name":"(anonymous_47)","decl":{"start":{"line":386,"column":68},"end":{"line":386,"column":69}},"loc":{"start":{"line":386,"column":84},"end":{"line":407,"column":5}},"line":386},"48":{"name":"(anonymous_48)","decl":{"start":{"line":400,"column":125},"end":{"line":400,"column":126}},"loc":{"start":{"line":400,"column":145},"end":{"line":406,"column":7}},"line":400},"49":{"name":"(anonymous_49)","decl":{"start":{"line":409,"column":89},"end":{"line":409,"column":90}},"loc":{"start":{"line":409,"column":105},"end":{"line":430,"column":5}},"line":409},"50":{"name":"(anonymous_50)","decl":{"start":{"line":423,"column":125},"end":{"line":423,"column":126}},"loc":{"start":{"line":423,"column":145},"end":{"line":429,"column":7}},"line":423},"51":{"name":"(anonymous_51)","decl":{"start":{"line":432,"column":76},"end":{"line":432,"column":77}},"loc":{"start":{"line":432,"column":92},"end":{"line":453,"column":5}},"line":432},"52":{"name":"(anonymous_52)","decl":{"start":{"line":446,"column":125},"end":{"line":446,"column":126}},"loc":{"start":{"line":446,"column":145},"end":{"line":452,"column":7}},"line":446},"53":{"name":"(anonymous_53)","decl":{"start":{"line":455,"column":98},"end":{"line":455,"column":99}},"loc":{"start":{"line":455,"column":114},"end":{"line":476,"column":5}},"line":455},"54":{"name":"(anonymous_54)","decl":{"start":{"line":469,"column":125},"end":{"line":469,"column":126}},"loc":{"start":{"line":469,"column":145},"end":{"line":475,"column":7}},"line":469},"55":{"name":"(anonymous_55)","decl":{"start":{"line":478,"column":76},"end":{"line":478,"column":77}},"loc":{"start":{"line":478,"column":92},"end":{"line":499,"column":5}},"line":478},"56":{"name":"(anonymous_56)","decl":{"start":{"line":492,"column":125},"end":{"line":492,"column":126}},"loc":{"start":{"line":492,"column":145},"end":{"line":498,"column":7}},"line":492},"57":{"name":"(anonymous_57)","decl":{"start":{"line":501,"column":83},"end":{"line":501,"column":84}},"loc":{"start":{"line":501,"column":99},"end":{"line":522,"column":5}},"line":501},"58":{"name":"(anonymous_58)","decl":{"start":{"line":515,"column":125},"end":{"line":515,"column":126}},"loc":{"start":{"line":515,"column":145},"end":{"line":521,"column":7}},"line":515},"59":{"name":"(anonymous_59)","decl":{"start":{"line":524,"column":81},"end":{"line":524,"column":82}},"loc":{"start":{"line":524,"column":97},"end":{"line":545,"column":5}},"line":524},"60":{"name":"(anonymous_60)","decl":{"start":{"line":538,"column":125},"end":{"line":538,"column":126}},"loc":{"start":{"line":538,"column":145},"end":{"line":544,"column":7}},"line":538},"61":{"name":"(anonymous_61)","decl":{"start":{"line":548,"column":35},"end":{"line":548,"column":36}},"loc":{"start":{"line":548,"column":47},"end":{"line":638,"column":3}},"line":548},"62":{"name":"(anonymous_62)","decl":{"start":{"line":549,"column":61},"end":{"line":549,"column":62}},"loc":{"start":{"line":549,"column":77},"end":{"line":565,"column":5}},"line":549},"63":{"name":"(anonymous_63)","decl":{"start":{"line":558,"column":127},"end":{"line":558,"column":128}},"loc":{"start":{"line":558,"column":147},"end":{"line":564,"column":7}},"line":558},"64":{"name":"(anonymous_64)","decl":{"start":{"line":567,"column":65},"end":{"line":567,"column":66}},"loc":{"start":{"line":567,"column":81},"end":{"line":583,"column":5}},"line":567},"65":{"name":"(anonymous_65)","decl":{"start":{"line":576,"column":127},"end":{"line":576,"column":128}},"loc":{"start":{"line":576,"column":147},"end":{"line":582,"column":7}},"line":576},"66":{"name":"(anonymous_66)","decl":{"start":{"line":585,"column":68},"end":{"line":585,"column":69}},"loc":{"start":{"line":585,"column":84},"end":{"line":601,"column":5}},"line":585},"67":{"name":"(anonymous_67)","decl":{"start":{"line":594,"column":127},"end":{"line":594,"column":128}},"loc":{"start":{"line":594,"column":147},"end":{"line":600,"column":7}},"line":594},"68":{"name":"(anonymous_68)","decl":{"start":{"line":603,"column":69},"end":{"line":603,"column":70}},"loc":{"start":{"line":603,"column":85},"end":{"line":619,"column":5}},"line":603},"69":{"name":"(anonymous_69)","decl":{"start":{"line":612,"column":127},"end":{"line":612,"column":128}},"loc":{"start":{"line":612,"column":147},"end":{"line":618,"column":7}},"line":612},"70":{"name":"(anonymous_70)","decl":{"start":{"line":621,"column":67},"end":{"line":621,"column":68}},"loc":{"start":{"line":621,"column":83},"end":{"line":637,"column":5}},"line":621},"71":{"name":"(anonymous_71)","decl":{"start":{"line":630,"column":127},"end":{"line":630,"column":128}},"loc":{"start":{"line":630,"column":147},"end":{"line":636,"column":7}},"line":630}},"branchMap":{"0":{"loc":{"start":{"line":19,"column":46},"end":{"line":19,"column":92}},"type":"cond-expr","locations":[{"start":{"line":19,"column":70},"end":{"line":19,"column":73}},{"start":{"line":19,"column":76},"end":{"line":19,"column":92}}],"line":19},"1":{"loc":{"start":{"line":19,"column":46},"end":{"line":19,"column":67}},"type":"binary-expr","locations":[{"start":{"line":19,"column":46},"end":{"line":19,"column":49}},{"start":{"line":19,"column":53},"end":{"line":19,"column":67}}],"line":19}},"s":{"0":1,"1":1,"2":1,"3":1,"4":1,"5":1,"6":1,"7":1,"8":4,"9":1,"10":1,"11":1,"12":1,"13":1,"14":30,"15":30,"16":1,"17":1,"18":1,"19":1,"20":1,"21":1,"22":1,"23":1,"24":1,"25":1,"26":1,"27":1,"28":1,"29":1,"30":1,"31":1,"32":1,"33":1,"34":1,"35":1,"36":1,"37":1,"38":1,"39":1,"40":1,"41":1,"42":1,"43":1,"44":1,"45":1,"46":1,"47":1,"48":1,"49":1,"50":1,"51":1,"52":1,"53":1,"54":1,"55":1,"56":1,"57":1,"58":1,"59":1,"60":1,"61":1,"62":1,"63":1,"64":1,"65":1,"66":1,"67":1,"68":1,"69":1,"70":1,"71":1,"72":1,"73":1,"74":1,"75":1,"76":1,"77":1,"78":1,"79":1,"80":1,"81":1,"82":1,"83":1,"84":1,"85":1,"86":1,"87":1,"88":1,"89":1,"90":1,"91":1,"92":1,"93":1,"94":1,"95":1,"96":1,"97":1,"98":1,"99":1,"100":1,"101":1,"102":1,"103":1,"104":1,"105":1,"106":1,"107":1,"108":1,"109":1,"110":1,"111":1,"112":1,"113":1,"114":1,"115":1,"116":1,"117":1,"118":1,"119":1,"120":1,"121":1,"122":1,"123":1,"124":1,"125":1,"126":1,"127":1,"128":1,"129":1,"130":1,"131":1,"132":1,"133":1,"134":1,"135":1,"136":1,"137":1,"138":1,"139":1,"140":1,"141":1,"142":1,"143":1,"144":1,"145":1,"146":1,"147":1,"148":1,"149":1,"150":1,"151":1,"152":1,"153":1,"154":1,"155":1,"156":1,"157":1,"158":1,"159":1,"160":1,"161":1,"162":1,"163":1,"164":1,"165":1,"166":1,"167":1,"168":1,"169":1,"170":1,"171":1,"172":1,"173":1,"174":1,"175":1,"176":1,"177":1,"178":1,"179":1,"180":1,"181":1,"182":1,"183":1,"184":1,"185":1,"186":1,"187":1,"188":1,"189":1,"190":1,"191":1,"192":1,"193":1,"194":1,"195":1,"196":1,"197":1,"198":1,"199":1,"200":1,"201":1,"202":1,"203":1,"204":1,"205":1,"206":1,"207":1,"208":1,"209":1,"210":1,"211":1,"212":1,"213":1,"214":1,"215":1,"216":1,"217":1,"218":1,"219":1,"220":1,"221":1,"222":1,"223":1,"224":1,"225":1,"226":1,"227":1,"228":1,"229":1,"230":1,"231":1,"232":1,"233":1,"234":1,"235":1,"236":1,"237":1,"238":1,"239":1,"240":1,"241":1,"242":1,"243":1,"244":1,"245":1,"246":1,"247":1,"248":1,"249":1,"250":1,"251":1,"252":1,"253":1,"254":1,"255":1,"256":1,"257":1,"258":1,"259":1,"260":1,"261":1,"262":1,"263":1,"264":1,"265":1,"266":1,"267":1,"268":1,"269":1,"270":1,"271":1,"272":1,"273":1,"274":1,"275":1,"276":1,"277":1,"278":1,"279":1,"280":1},"f":{"0":4,"1":1,"2":30,"3":1,"4":1,"5":1,"6":1,"7":1,"8":1,"9":1,"10":1,"11":1,"12":1,"13":1,"14":1,"15":1,"16":1,"17":1,"18":1,"19":1,"20":1,"21":1,"22":1,"23":1,"24":1,"25":1,"26":1,"27":1,"28":1,"29":1,"30":1,"31":1,"32":1,"33":1,"34":1,"35":1,"36":1,"37":1,"38":1,"39":1,"40":1,"41":1,"42":1,"43":1,"44":1,"45":1,"46":1,"47":1,"48":1,"49":1,"50":1,"51":1,"52":1,"53":1,"54":1,"55":1,"56":1,"57":1,"58":1,"59":1,"60":1,"61":1,"62":1,"63":1,"64":1,"65":1,"66":1,"67":1,"68":1,"69":1,"70":1,"71":1},"b":{"0":[1,3],"1":[4,4]},"_coverageSchema":"332fd63041d2c1bcb487cc26dd0d5f7d97098a6c","hash":"d78447e6cee8c16b4aa23b70fa15773c38792b13","contentHash":"221634bf87b8cdf913efc8dc96460425_11.3.0"},"C:\\Users\\Tony\\Desktop\\Events-Manager\\server\\http\\server.js":{"path":"C:\\Users\\Tony\\Desktop\\Events-Manager\\server\\http\\server.js","statementMap":{"0":{"start":{"line":3,"column":0},"end":{"line":5,"column":3}},"1":{"start":{"line":7,"column":11},"end":{"line":7,"column":31}},"2":{"start":{"line":9,"column":12},"end":{"line":9,"column":40}},"3":{"start":{"line":11,"column":17},"end":{"line":11,"column":47}},"4":{"start":{"line":13,"column":18},"end":{"line":13,"column":52}},"5":{"start":{"line":15,"column":19},"end":{"line":15,"column":51}},"6":{"start":{"line":17,"column":20},"end":{"line":17,"column":56}},"7":{"start":{"line":19,"column":18},"end":{"line":19,"column":49}},"8":{"start":{"line":21,"column":19},"end":{"line":21,"column":54}},"9":{"start":{"line":23,"column":39},"end":{"line":23,"column":93}},"10":{"start":{"line":25,"column":0},"end":{"line":30,"column":3}},"11":{"start":{"line":26,"column":2},"end":{"line":26,"column":49}},"12":{"start":{"line":27,"column":2},"end":{"line":27,"column":80}},"13":{"start":{"line":28,"column":2},"end":{"line":28,"column":61}},"14":{"start":{"line":29,"column":2},"end":{"line":29,"column":9}},"15":{"start":{"line":32,"column":0},"end":{"line":32,"column":56}},"16":{"start":{"line":33,"column":0},"end":{"line":33,"column":60}},"17":{"start":{"line":34,"column":0},"end":{"line":34,"column":58}},"18":{"start":{"line":36,"column":0},"end":{"line":40,"column":3}},"19":{"start":{"line":37,"column":2},"end":{"line":39,"column":5}},"20":{"start":{"line":42,"column":0},"end":{"line":44,"column":3}},"21":{"start":{"line":43,"column":2},"end":{"line":43,"column":61}},"22":{"start":{"line":46,"column":11},"end":{"line":46,"column":35}},"23":{"start":{"line":48,"column":0},"end":{"line":48,"column":32}},"24":{"start":{"line":50,"column":13},"end":{"line":52,"column":2}},"25":{"start":{"line":51,"column":2},"end":{"line":51,"column":40}},"26":{"start":{"line":54,"column":0},"end":{"line":54,"column":25}}},"fnMap":{"0":{"name":"_interopRequireDefault","decl":{"start":{"line":23,"column":9},"end":{"line":23,"column":31}},"loc":{"start":{"line":23,"column":37},"end":{"line":23,"column":95}},"line":23},"1":{"name":"(anonymous_1)","decl":{"start":{"line":25,"column":23},"end":{"line":25,"column":24}},"loc":{"start":{"line":25,"column":49},"end":{"line":30,"column":1}},"line":25},"2":{"name":"(anonymous_2)","decl":{"start":{"line":36,"column":18},"end":{"line":36,"column":19}},"loc":{"start":{"line":36,"column":38},"end":{"line":40,"column":1}},"line":36},"3":{"name":"(anonymous_3)","decl":{"start":{"line":42,"column":18},"end":{"line":42,"column":19}},"loc":{"start":{"line":42,"column":38},"end":{"line":44,"column":1}},"line":42},"4":{"name":"(anonymous_4)","decl":{"start":{"line":50,"column":40},"end":{"line":50,"column":41}},"loc":{"start":{"line":50,"column":52},"end":{"line":52,"column":1}},"line":50}},"branchMap":{"0":{"loc":{"start":{"line":23,"column":46},"end":{"line":23,"column":92}},"type":"cond-expr","locations":[{"start":{"line":23,"column":70},"end":{"line":23,"column":73}},{"start":{"line":23,"column":76},"end":{"line":23,"column":92}}],"line":23},"1":{"loc":{"start":{"line":23,"column":46},"end":{"line":23,"column":67}},"type":"binary-expr","locations":[{"start":{"line":23,"column":46},"end":{"line":23,"column":49}},{"start":{"line":23,"column":53},"end":{"line":23,"column":67}}],"line":23},"2":{"loc":{"start":{"line":46,"column":11},"end":{"line":46,"column":35}},"type":"binary-expr","locations":[{"start":{"line":46,"column":11},"end":{"line":46,"column":27}},{"start":{"line":46,"column":31},"end":{"line":46,"column":35}}],"line":46}},"s":{"0":1,"1":1,"2":1,"3":1,"4":1,"5":1,"6":1,"7":1,"8":1,"9":4,"10":1,"11":34,"12":34,"13":34,"14":34,"15":1,"16":1,"17":1,"18":1,"19":0,"20":1,"21":0,"22":1,"23":1,"24":1,"25":1,"26":1},"f":{"0":4,"1":34,"2":0,"3":0,"4":1},"b":{"0":[4,0],"1":[4,4],"2":[1,1]},"_coverageSchema":"332fd63041d2c1bcb487cc26dd0d5f7d97098a6c","hash":"e086bd0a59c8989643a39c43a3a2b6b01c5acb46","contentHash":"ccd876cf877649a19a66172f3d26ad63_11.3.0"},"C:\\Users\\Tony\\Desktop\\Events-Manager\\app.js":{"path":"C:\\Users\\Tony\\Desktop\\Events-Manager\\app.js","statementMap":{"0":{"start":{"line":3,"column":0},"end":{"line":5,"column":3}},"1":{"start":{"line":7,"column":15},"end":{"line":7,"column":33}},"2":{"start":{"line":9,"column":16},"end":{"line":9,"column":48}},"3":{"start":{"line":11,"column":12},"end":{"line":11,"column":27}},"4":{"start":{"line":13,"column":13},"end":{"line":13,"column":42}},"5":{"start":{"line":15,"column":12},"end":{"line":15,"column":27}},"6":{"start":{"line":17,"column":13},"end":{"line":17,"column":42}},"7":{"start":{"line":19,"column":12},"end":{"line":19,"column":27}},"8":{"start":{"line":21,"column":13},"end":{"line":21,"column":42}},"9":{"start":{"line":23,"column":24},"end":{"line":23,"column":52}},"10":{"start":{"line":25,"column":25},"end":{"line":25,"column":66}},"11":{"start":{"line":27,"column":18},"end":{"line":27,"column":40}},"12":{"start":{"line":29,"column":19},"end":{"line":29,"column":54}},"13":{"start":{"line":31,"column":14},"end":{"line":31,"column":31}},"14":{"start":{"line":33,"column":15},"end":{"line":33,"column":46}},"15":{"start":{"line":35,"column":39},"end":{"line":35,"column":93}},"16":{"start":{"line":37,"column":13},"end":{"line":37,"column":39}},"17":{"start":{"line":39,"column":10},"end":{"line":39,"column":34}},"18":{"start":{"line":40,"column":0},"end":{"line":40,"column":66}},"19":{"start":{"line":42,"column":18},"end":{"line":48,"column":1}},"20":{"start":{"line":43,"column":2},"end":{"line":43,"column":56}},"21":{"start":{"line":43,"column":43},"end":{"line":43,"column":56}},"22":{"start":{"line":45,"column":13},"end":{"line":45,"column":28}},"23":{"start":{"line":46,"column":2},"end":{"line":46,"column":36}},"24":{"start":{"line":46,"column":23},"end":{"line":46,"column":36}},"25":{"start":{"line":47,"column":2},"end":{"line":47,"column":51}},"26":{"start":{"line":50,"column":22},"end":{"line":53,"column":1}},"27":{"start":{"line":51,"column":17},"end":{"line":51,"column":46}},"28":{"start":{"line":52,"column":2},"end":{"line":52,"column":18}},"29":{"start":{"line":55,"column":0},"end":{"line":55,"column":38}},"30":{"start":{"line":56,"column":0},"end":{"line":56,"column":37}},"31":{"start":{"line":57,"column":0},"end":{"line":57,"column":61}},"32":{"start":{"line":58,"column":0},"end":{"line":65,"column":4}},"33":{"start":{"line":67,"column":0},"end":{"line":67,"column":22}}},"fnMap":{"0":{"name":"_interopRequireDefault","decl":{"start":{"line":35,"column":9},"end":{"line":35,"column":31}},"loc":{"start":{"line":35,"column":37},"end":{"line":35,"column":95}},"line":35},"1":{"name":"isValidDate","decl":{"start":{"line":42,"column":27},"end":{"line":42,"column":38}},"loc":{"start":{"line":42,"column":46},"end":{"line":48,"column":1}},"line":42},"2":{"name":"trimtoLowerCase","decl":{"start":{"line":50,"column":31},"end":{"line":50,"column":46}},"loc":{"start":{"line":50,"column":57},"end":{"line":53,"column":1}},"line":50}},"branchMap":{"0":{"loc":{"start":{"line":35,"column":46},"end":{"line":35,"column":92}},"type":"cond-expr","locations":[{"start":{"line":35,"column":70},"end":{"line":35,"column":73}},{"start":{"line":35,"column":76},"end":{"line":35,"column":92}}],"line":35},"1":{"loc":{"start":{"line":35,"column":46},"end":{"line":35,"column":67}},"type":"binary-expr","locations":[{"start":{"line":35,"column":46},"end":{"line":35,"column":49}},{"start":{"line":35,"column":53},"end":{"line":35,"column":67}}],"line":35},"2":{"loc":{"start":{"line":43,"column":2},"end":{"line":43,"column":56}},"type":"if","locations":[{"start":{"line":43,"column":2},"end":{"line":43,"column":56}},{"start":{"line":43,"column":2},"end":{"line":43,"column":56}}],"line":43},"3":{"loc":{"start":{"line":46,"column":2},"end":{"line":46,"column":36}},"type":"if","locations":[{"start":{"line":46,"column":2},"end":{"line":46,"column":36}},{"start":{"line":46,"column":2},"end":{"line":46,"column":36}}],"line":46}},"s":{"0":1,"1":1,"2":1,"3":1,"4":1,"5":1,"6":1,"7":1,"8":1,"9":1,"10":1,"11":1,"12":1,"13":1,"14":1,"15":7,"16":1,"17":1,"18":1,"19":1,"20":20,"21":18,"22":2,"23":2,"24":0,"25":2,"26":1,"27":35,"28":35,"29":1,"30":1,"31":1,"32":1,"33":1},"f":{"0":7,"1":20,"2":35},"b":{"0":[0,7],"1":[7,7],"2":[18,2],"3":[0,2]},"_coverageSchema":"332fd63041d2c1bcb487cc26dd0d5f7d97098a6c","hash":"0022f50abfdd38bab293ebe4e44c8e2be439098d","contentHash":"a3a9a87866cd9324258c9bb7f281c123_11.3.0"},"C:\\Users\\Tony\\Desktop\\Events-Manager\\server\\routes\\userRoute.js":{"path":"C:\\Users\\Tony\\Desktop\\Events-Manager\\server\\routes\\userRoute.js","statementMap":{"0":{"start":{"line":3,"column":0},"end":{"line":5,"column":3}},"1":{"start":{"line":7,"column":15},"end":{"line":7,"column":33}},"2":{"start":{"line":9,"column":16},"end":{"line":9,"column":48}},"3":{"start":{"line":11,"column":27},"end":{"line":11,"column":71}},"4":{"start":{"line":13,"column":28},"end":{"line":13,"column":72}},"5":{"start":{"line":15,"column":22},"end":{"line":15,"column":62}},"6":{"start":{"line":17,"column":23},"end":{"line":17,"column":62}},"7":{"start":{"line":19,"column":18},"end":{"line":19,"column":53}},"8":{"start":{"line":21,"column":19},"end":{"line":21,"column":54}},"9":{"start":{"line":23,"column":18},"end":{"line":23,"column":53}},"10":{"start":{"line":25,"column":19},"end":{"line":25,"column":54}},"11":{"start":{"line":27,"column":39},"end":{"line":27,"column":93}},"12":{"start":{"line":29,"column":13},"end":{"line":29,"column":39}},"13":{"start":{"line":31,"column":0},"end":{"line":31,"column":103}},"14":{"start":{"line":32,"column":0},"end":{"line":32,"column":107}},"15":{"start":{"line":34,"column":0},"end":{"line":34,"column":25}}},"fnMap":{"0":{"name":"_interopRequireDefault","decl":{"start":{"line":27,"column":9},"end":{"line":27,"column":31}},"loc":{"start":{"line":27,"column":37},"end":{"line":27,"column":95}},"line":27}},"branchMap":{"0":{"loc":{"start":{"line":27,"column":46},"end":{"line":27,"column":92}},"type":"cond-expr","locations":[{"start":{"line":27,"column":70},"end":{"line":27,"column":73}},{"start":{"line":27,"column":76},"end":{"line":27,"column":92}}],"line":27},"1":{"loc":{"start":{"line":27,"column":46},"end":{"line":27,"column":67}},"type":"binary-expr","locations":[{"start":{"line":27,"column":46},"end":{"line":27,"column":49}},{"start":{"line":27,"column":53},"end":{"line":27,"column":67}}],"line":27}},"s":{"0":1,"1":1,"2":1,"3":1,"4":1,"5":1,"6":1,"7":1,"8":1,"9":1,"10":1,"11":5,"12":1,"13":1,"14":1,"15":1},"f":{"0":5},"b":{"0":[4,1],"1":[5,5]},"_coverageSchema":"332fd63041d2c1bcb487cc26dd0d5f7d97098a6c","hash":"a9be17ec4dc7b1bfe539d56d4470b1bfa63aa25e","contentHash":"2fe80ab1299f8f79e1fd12a943bafc39_11.3.0"},"C:\\Users\\Tony\\Desktop\\Events-Manager\\server\\validation\\getValidationResult.js":{"path":"C:\\Users\\Tony\\Desktop\\Events-Manager\\server\\validation\\getValidationResult.js","statementMap":{"0":{"start":{"line":3,"column":0},"end":{"line":5,"column":3}},"1":{"start":{"line":6,"column":26},"end":{"line":19,"column":1}},"2":{"start":{"line":7,"column":2},"end":{"line":18,"column":5}},"3":{"start":{"line":8,"column":4},"end":{"line":17,"column":5}},"4":{"start":{"line":9,"column":19},"end":{"line":11,"column":8}},"5":{"start":{"line":10,"column":8},"end":{"line":10,"column":24}},"6":{"start":{"line":12,"column":6},"end":{"line":14,"column":9}},"7":{"start":{"line":16,"column":6},"end":{"line":16,"column":13}},"8":{"start":{"line":21,"column":0},"end":{"line":21,"column":38}}},"fnMap":{"0":{"name":"getValidationResult","decl":{"start":{"line":6,"column":35},"end":{"line":6,"column":54}},"loc":{"start":{"line":6,"column":71},"end":{"line":19,"column":1}},"line":6},"1":{"name":"(anonymous_1)","decl":{"start":{"line":7,"column":33},"end":{"line":7,"column":34}},"loc":{"start":{"line":7,"column":51},"end":{"line":18,"column":3}},"line":7},"2":{"name":"(anonymous_2)","decl":{"start":{"line":9,"column":38},"end":{"line":9,"column":39}},"loc":{"start":{"line":9,"column":54},"end":{"line":11,"column":7}},"line":9}},"branchMap":{"0":{"loc":{"start":{"line":8,"column":4},"end":{"line":17,"column":5}},"type":"if","locations":[{"start":{"line":8,"column":4},"end":{"line":17,"column":5}},{"start":{"line":8,"column":4},"end":{"line":17,"column":5}}],"line":8}},"s":{"0":1,"1":1,"2":34,"3":34,"4":25,"5":51,"6":25,"7":9,"8":1},"f":{"0":34,"1":34,"2":51},"b":{"0":[25,9]},"_coverageSchema":"332fd63041d2c1bcb487cc26dd0d5f7d97098a6c","hash":"7d286f1d0b47cac2d2ef609c4e01c339badd44dc","contentHash":"3e116cf43eff7c3a8e321094a19c8b87_11.3.0"},"C:\\Users\\Tony\\Desktop\\Events-Manager\\server\\controllers\\usercontroller.js":{"path":"C:\\Users\\Tony\\Desktop\\Events-Manager\\server\\controllers\\usercontroller.js","statementMap":{"0":{"start":{"line":3,"column":0},"end":{"line":5,"column":3}},"1":{"start":{"line":7,"column":19},"end":{"line":7,"column":563}},"2":{"start":{"line":7,"column":76},"end":{"line":7,"column":347}},"3":{"start":{"line":7,"column":134},"end":{"line":7,"column":142}},"4":{"start":{"line":7,"column":144},"end":{"line":7,"column":199}},"5":{"start":{"line":7,"column":200},"end":{"line":7,"column":231}},"6":{"start":{"line":7,"column":232},"end":{"line":7,"column":286}},"7":{"start":{"line":7,"column":259},"end":{"line":7,"column":286}},"8":{"start":{"line":7,"column":287},"end":{"line":7,"column":345}},"9":{"start":{"line":7,"column":350},"end":{"line":7,"column":559}},"10":{"start":{"line":7,"column":407},"end":{"line":7,"column":475}},"11":{"start":{"line":7,"column":423},"end":{"line":7,"column":475}},"12":{"start":{"line":7,"column":476},"end":{"line":7,"column":536}},"13":{"start":{"line":7,"column":493},"end":{"line":7,"column":536}},"14":{"start":{"line":7,"column":537},"end":{"line":7,"column":556}},"15":{"start":{"line":9,"column":20},"end":{"line":9,"column":43}},"16":{"start":{"line":11,"column":21},"end":{"line":11,"column":58}},"17":{"start":{"line":13,"column":13},"end":{"line":13,"column":39}},"18":{"start":{"line":15,"column":14},"end":{"line":15,"column":44}},"19":{"start":{"line":17,"column":39},"end":{"line":17,"column":93}},"20":{"start":{"line":19,"column":44},"end":{"line":19,"column":195}},"21":{"start":{"line":19,"column":62},"end":{"line":19,"column":166}},"22":{"start":{"line":19,"column":176},"end":{"line":19,"column":193}},"23":{"start":{"line":19,"column":196},"end":{"line":19,"column":207}},"24":{"start":{"line":21,"column":50},"end":{"line":21,"column":151}},"25":{"start":{"line":21,"column":92},"end":{"line":21,"column":149}},"26":{"start":{"line":26,"column":21},"end":{"line":133,"column":3}},"27":{"start":{"line":28,"column":4},"end":{"line":28,"column":42}},"28":{"start":{"line":31,"column":2},"end":{"line":130,"column":6}},"29":{"start":{"line":41,"column":22},"end":{"line":41,"column":30}},"30":{"start":{"line":42,"column":21},"end":{"line":42,"column":39}},"31":{"start":{"line":43,"column":18},"end":{"line":43,"column":33}},"32":{"start":{"line":44,"column":21},"end":{"line":44,"column":39}},"33":{"start":{"line":47,"column":6},"end":{"line":86,"column":9}},"34":{"start":{"line":50,"column":8},"end":{"line":85,"column":9}},"35":{"start":{"line":51,"column":10},"end":{"line":59,"column":11}},"36":{"start":{"line":52,"column":12},"end":{"line":54,"column":15}},"37":{"start":{"line":55,"column":17},"end":{"line":59,"column":11}},"38":{"start":{"line":56,"column":12},"end":{"line":58,"column":15}},"39":{"start":{"line":61,"column":10},"end":{"line":84,"column":13}},"40":{"start":{"line":66,"column":26},"end":{"line":69,"column":13}},"41":{"start":{"line":70,"column":24},"end":{"line":72,"column":14}},"42":{"start":{"line":73,"column":12},"end":{"line":79,"column":15}},"43":{"start":{"line":81,"column":12},"end":{"line":83,"column":15}},"44":{"start":{"line":98,"column":23},"end":{"line":98,"column":31}},"45":{"start":{"line":99,"column":21},"end":{"line":99,"column":40}},"46":{"start":{"line":100,"column":21},"end":{"line":100,"column":40}},"47":{"start":{"line":103,"column":6},"end":{"line":128,"column":9}},"48":{"start":{"line":104,"column":8},"end":{"line":127,"column":9}},"49":{"start":{"line":105,"column":10},"end":{"line":105,"column":81}},"50":{"start":{"line":107,"column":10},"end":{"line":126,"column":13}},"51":{"start":{"line":108,"column":12},"end":{"line":125,"column":13}},"52":{"start":{"line":109,"column":28},"end":{"line":112,"column":15}},"53":{"start":{"line":114,"column":26},"end":{"line":116,"column":16}},"54":{"start":{"line":118,"column":14},"end":{"line":122,"column":17}},"55":{"start":{"line":124,"column":14},"end":{"line":124,"column":85}},"56":{"start":{"line":132,"column":2},"end":{"line":132,"column":24}},"57":{"start":{"line":135,"column":0},"end":{"line":135,"column":33}}},"fnMap":{"0":{"name":"(anonymous_0)","decl":{"start":{"line":7,"column":19},"end":{"line":7,"column":20}},"loc":{"start":{"line":7,"column":31},"end":{"line":7,"column":561}},"line":7},"1":{"name":"defineProperties","decl":{"start":{"line":7,"column":42},"end":{"line":7,"column":58}},"loc":{"start":{"line":7,"column":74},"end":{"line":7,"column":349}},"line":7},"2":{"name":"(anonymous_2)","decl":{"start":{"line":7,"column":357},"end":{"line":7,"column":358}},"loc":{"start":{"line":7,"column":405},"end":{"line":7,"column":558}},"line":7},"3":{"name":"_interopRequireDefault","decl":{"start":{"line":17,"column":9},"end":{"line":17,"column":31}},"loc":{"start":{"line":17,"column":37},"end":{"line":17,"column":95}},"line":17},"4":{"name":"_defineProperty","decl":{"start":{"line":19,"column":9},"end":{"line":19,"column":24}},"loc":{"start":{"line":19,"column":42},"end":{"line":19,"column":209}},"line":19},"5":{"name":"_classCallCheck","decl":{"start":{"line":21,"column":9},"end":{"line":21,"column":24}},"loc":{"start":{"line":21,"column":48},"end":{"line":21,"column":153}},"line":21},"6":{"name":"(anonymous_6)","decl":{"start":{"line":26,"column":21},"end":{"line":26,"column":22}},"loc":{"start":{"line":26,"column":33},"end":{"line":133,"column":1}},"line":26},"7":{"name":"userController","decl":{"start":{"line":27,"column":11},"end":{"line":27,"column":25}},"loc":{"start":{"line":27,"column":28},"end":{"line":29,"column":3}},"line":27},"8":{"name":"signup","decl":{"start":{"line":40,"column":20},"end":{"line":40,"column":26}},"loc":{"start":{"line":40,"column":37},"end":{"line":87,"column":5}},"line":40},"9":{"name":"(anonymous_9)","decl":{"start":{"line":49,"column":14},"end":{"line":49,"column":15}},"loc":{"start":{"line":49,"column":32},"end":{"line":86,"column":7}},"line":49},"10":{"name":"(anonymous_10)","decl":{"start":{"line":65,"column":18},"end":{"line":65,"column":19}},"loc":{"start":{"line":65,"column":37},"end":{"line":80,"column":11}},"line":65},"11":{"name":"(anonymous_11)","decl":{"start":{"line":80,"column":19},"end":{"line":80,"column":20}},"loc":{"start":{"line":80,"column":34},"end":{"line":84,"column":11}},"line":80},"12":{"name":"login","decl":{"start":{"line":97,"column":20},"end":{"line":97,"column":25}},"loc":{"start":{"line":97,"column":36},"end":{"line":129,"column":5}},"line":97},"13":{"name":"(anonymous_13)","decl":{"start":{"line":103,"column":49},"end":{"line":103,"column":50}},"loc":{"start":{"line":103,"column":65},"end":{"line":128,"column":7}},"line":103},"14":{"name":"(anonymous_14)","decl":{"start":{"line":107,"column":81},"end":{"line":107,"column":82}},"loc":{"start":{"line":107,"column":100},"end":{"line":126,"column":11}},"line":107}},"branchMap":{"0":{"loc":{"start":{"line":7,"column":168},"end":{"line":7,"column":198}},"type":"binary-expr","locations":[{"start":{"line":7,"column":168},"end":{"line":7,"column":189}},{"start":{"line":7,"column":193},"end":{"line":7,"column":198}}],"line":7},"1":{"loc":{"start":{"line":7,"column":232},"end":{"line":7,"column":286}},"type":"if","locations":[{"start":{"line":7,"column":232},"end":{"line":7,"column":286}},{"start":{"line":7,"column":232},"end":{"line":7,"column":286}}],"line":7},"2":{"loc":{"start":{"line":7,"column":407},"end":{"line":7,"column":475}},"type":"if","locations":[{"start":{"line":7,"column":407},"end":{"line":7,"column":475}},{"start":{"line":7,"column":407},"end":{"line":7,"column":475}}],"line":7},"3":{"loc":{"start":{"line":7,"column":476},"end":{"line":7,"column":536}},"type":"if","locations":[{"start":{"line":7,"column":476},"end":{"line":7,"column":536}},{"start":{"line":7,"column":476},"end":{"line":7,"column":536}}],"line":7},"4":{"loc":{"start":{"line":17,"column":46},"end":{"line":17,"column":92}},"type":"cond-expr","locations":[{"start":{"line":17,"column":70},"end":{"line":17,"column":73}},{"start":{"line":17,"column":76},"end":{"line":17,"column":92}}],"line":17},"5":{"loc":{"start":{"line":17,"column":46},"end":{"line":17,"column":67}},"type":"binary-expr","locations":[{"start":{"line":17,"column":46},"end":{"line":17,"column":49}},{"start":{"line":17,"column":53},"end":{"line":17,"column":67}}],"line":17},"6":{"loc":{"start":{"line":19,"column":44},"end":{"line":19,"column":195}},"type":"if","locations":[{"start":{"line":19,"column":44},"end":{"line":19,"column":195}},{"start":{"line":19,"column":44},"end":{"line":19,"column":195}}],"line":19},"7":{"loc":{"start":{"line":21,"column":50},"end":{"line":21,"column":151}},"type":"if","locations":[{"start":{"line":21,"column":50},"end":{"line":21,"column":151}},{"start":{"line":21,"column":50},"end":{"line":21,"column":151}}],"line":21},"8":{"loc":{"start":{"line":50,"column":8},"end":{"line":85,"column":9}},"type":"if","locations":[{"start":{"line":50,"column":8},"end":{"line":85,"column":9}},{"start":{"line":50,"column":8},"end":{"line":85,"column":9}}],"line":50},"9":{"loc":{"start":{"line":51,"column":10},"end":{"line":59,"column":11}},"type":"if","locations":[{"start":{"line":51,"column":10},"end":{"line":59,"column":11}},{"start":{"line":51,"column":10},"end":{"line":59,"column":11}}],"line":51},"10":{"loc":{"start":{"line":55,"column":17},"end":{"line":59,"column":11}},"type":"if","locations":[{"start":{"line":55,"column":17},"end":{"line":59,"column":11}},{"start":{"line":55,"column":17},"end":{"line":59,"column":11}}],"line":55},"11":{"loc":{"start":{"line":82,"column":23},"end":{"line":82,"column":61}},"type":"binary-expr","locations":[{"start":{"line":82,"column":23},"end":{"line":82,"column":34}},{"start":{"line":82,"column":38},"end":{"line":82,"column":61}}],"line":82},"12":{"loc":{"start":{"line":104,"column":8},"end":{"line":127,"column":9}},"type":"if","locations":[{"start":{"line":104,"column":8},"end":{"line":127,"column":9}},{"start":{"line":104,"column":8},"end":{"line":127,"column":9}}],"line":104},"13":{"loc":{"start":{"line":108,"column":12},"end":{"line":125,"column":13}},"type":"if","locations":[{"start":{"line":108,"column":12},"end":{"line":125,"column":13}},{"start":{"line":108,"column":12},"end":{"line":125,"column":13}}],"line":108}},"s":{"0":1,"1":1,"2":1,"3":2,"4":2,"5":2,"6":2,"7":2,"8":2,"9":1,"10":1,"11":0,"12":1,"13":1,"14":1,"15":1,"16":1,"17":1,"18":1,"19":2,"20":6,"21":0,"22":6,"23":6,"24":0,"25":0,"26":1,"27":0,"28":1,"29":6,"30":6,"31":6,"32":6,"33":6,"34":6,"35":2,"36":1,"37":1,"38":1,"39":4,"40":4,"41":4,"42":4,"43":0,"44":2,"45":2,"46":2,"47":2,"48":2,"49":1,"50":1,"51":1,"52":0,"53":0,"54":0,"55":1,"56":1,"57":1},"f":{"0":1,"1":1,"2":1,"3":2,"4":6,"5":0,"6":1,"7":0,"8":6,"9":6,"10":4,"11":0,"12":2,"13":2,"14":1},"b":{"0":[2,2],"1":[2,0],"2":[0,1],"3":[1,0],"4":[0,2],"5":[2,2],"6":[0,6],"7":[0,0],"8":[2,4],"9":[1,1],"10":[1,0],"11":[0,0],"12":[1,1],"13":[0,1]},"_coverageSchema":"332fd63041d2c1bcb487cc26dd0d5f7d97098a6c","hash":"55ce5cacace7d337c6804899db71cba39b687512","contentHash":"5405555d0115f284a79d893d90e992bf_11.3.0"},"C:\\Users\\Tony\\Desktop\\Events-Manager\\server\\models\\index.js":{"path":"C:\\Users\\Tony\\Desktop\\Events-Manager\\server\\models\\index.js","statementMap":{"0":{"start":{"line":3,"column":9},"end":{"line":3,"column":22}},"1":{"start":{"line":4,"column":11},"end":{"line":4,"column":26}},"2":{"start":{"line":5,"column":16},"end":{"line":5,"column":36}},"3":{"start":{"line":7,"column":15},"end":{"line":7,"column":45}},"4":{"start":{"line":8,"column":10},"end":{"line":8,"column":47}},"5":{"start":{"line":9,"column":13},"end":{"line":9,"column":61}},"6":{"start":{"line":10,"column":9},"end":{"line":10,"column":11}},"7":{"start":{"line":12,"column":16},"end":{"line":12,"column":22}},"8":{"start":{"line":13,"column":0},"end":{"line":17,"column":1}},"9":{"start":{"line":14,"column":2},"end":{"line":14,"column":66}},"10":{"start":{"line":16,"column":2},"end":{"line":16,"column":87}},"11":{"start":{"line":19,"column":0},"end":{"line":24,"column":3}},"12":{"start":{"line":20,"column":2},"end":{"line":20,"column":82}},"13":{"start":{"line":22,"column":14},"end":{"line":22,"column":58}},"14":{"start":{"line":23,"column":2},"end":{"line":23,"column":25}},"15":{"start":{"line":26,"column":0},"end":{"line":30,"column":3}},"16":{"start":{"line":27,"column":2},"end":{"line":29,"column":3}},"17":{"start":{"line":28,"column":4},"end":{"line":28,"column":32}},"18":{"start":{"line":32,"column":0},"end":{"line":32,"column":25}},"19":{"start":{"line":33,"column":0},"end":{"line":33,"column":25}},"20":{"start":{"line":35,"column":0},"end":{"line":35,"column":20}}},"fnMap":{"0":{"name":"(anonymous_0)","decl":{"start":{"line":19,"column":33},"end":{"line":19,"column":34}},"loc":{"start":{"line":19,"column":49},"end":{"line":21,"column":1}},"line":19},"1":{"name":"(anonymous_1)","decl":{"start":{"line":21,"column":11},"end":{"line":21,"column":12}},"loc":{"start":{"line":21,"column":27},"end":{"line":24,"column":1}},"line":21},"2":{"name":"(anonymous_2)","decl":{"start":{"line":26,"column":24},"end":{"line":26,"column":25}},"loc":{"start":{"line":26,"column":45},"end":{"line":30,"column":1}},"line":26}},"branchMap":{"0":{"loc":{"start":{"line":8,"column":10},"end":{"line":8,"column":47}},"type":"binary-expr","locations":[{"start":{"line":8,"column":10},"end":{"line":8,"column":30}},{"start":{"line":8,"column":34},"end":{"line":8,"column":47}}],"line":8},"1":{"loc":{"start":{"line":13,"column":0},"end":{"line":17,"column":1}},"type":"if","locations":[{"start":{"line":13,"column":0},"end":{"line":17,"column":1}},{"start":{"line":13,"column":0},"end":{"line":17,"column":1}}],"line":13},"2":{"loc":{"start":{"line":20,"column":9},"end":{"line":20,"column":81}},"type":"binary-expr","locations":[{"start":{"line":20,"column":9},"end":{"line":20,"column":32}},{"start":{"line":20,"column":36},"end":{"line":20,"column":53}},{"start":{"line":20,"column":57},"end":{"line":20,"column":81}}],"line":20},"3":{"loc":{"start":{"line":27,"column":2},"end":{"line":29,"column":3}},"type":"if","locations":[{"start":{"line":27,"column":2},"end":{"line":29,"column":3}},{"start":{"line":27,"column":2},"end":{"line":29,"column":3}}],"line":27}},"s":{"0":1,"1":1,"2":1,"3":1,"4":1,"5":1,"6":1,"7":1,"8":1,"9":0,"10":1,"11":1,"12":4,"13":3,"14":3,"15":1,"16":3,"17":3,"18":1,"19":1,"20":1},"f":{"0":4,"1":3,"2":3},"b":{"0":[1,0],"1":[0,1],"2":[4,4,3],"3":[3,0]},"_coverageSchema":"332fd63041d2c1bcb487cc26dd0d5f7d97098a6c","hash":"23def25041c67bcf87ceaad23de05dc4f71a043b","contentHash":"fa5fbb80b1ab519ebd3235dcd6f6f9a7_11.3.0"},"C:\\Users\\Tony\\Desktop\\Events-Manager\\server\\config\\config.js":{"path":"C:\\Users\\Tony\\Desktop\\Events-Manager\\server\\config\\config.js","statementMap":{"0":{"start":{"line":3,"column":13},"end":{"line":3,"column":39}},"1":{"start":{"line":5,"column":0},"end":{"line":24,"column":2}}},"fnMap":{},"branchMap":{},"s":{"0":1,"1":1},"f":{},"b":{},"_coverageSchema":"332fd63041d2c1bcb487cc26dd0d5f7d97098a6c","hash":"da63615f72b9de1d266cc6c0d5d742a4e63aea73","contentHash":"8afab1c7b297a4402950697953e114b3_11.3.0"},"C:\\Users\\Tony\\Desktop\\Events-Manager\\server\\models\\center.js":{"path":"C:\\Users\\Tony\\Desktop\\Events-Manager\\server\\models\\center.js","statementMap":{"0":{"start":{"line":3,"column":0},"end":{"line":55,"column":2}},"1":{"start":{"line":4,"column":15},"end":{"line":44,"column":4}},"2":{"start":{"line":46,"column":2},"end":{"line":53,"column":4}},"3":{"start":{"line":47,"column":4},"end":{"line":49,"column":7}},"4":{"start":{"line":50,"column":4},"end":{"line":52,"column":7}},"5":{"start":{"line":54,"column":2},"end":{"line":54,"column":16}}},"fnMap":{"0":{"name":"(anonymous_0)","decl":{"start":{"line":3,"column":17},"end":{"line":3,"column":18}},"loc":{"start":{"line":3,"column":49},"end":{"line":55,"column":1}},"line":3},"1":{"name":"(anonymous_1)","decl":{"start":{"line":46,"column":21},"end":{"line":46,"column":22}},"loc":{"start":{"line":46,"column":39},"end":{"line":53,"column":3}},"line":46}},"branchMap":{},"s":{"0":1,"1":1,"2":1,"3":1,"4":1,"5":1},"f":{"0":1,"1":1},"b":{},"_coverageSchema":"332fd63041d2c1bcb487cc26dd0d5f7d97098a6c","hash":"2f8de21d88d3dab57b540ec4ebcd49f0e335ff96","contentHash":"5921d4894d399bb9cb45004106f45efe_11.3.0"},"C:\\Users\\Tony\\Desktop\\Events-Manager\\server\\models\\event.js":{"path":"C:\\Users\\Tony\\Desktop\\Events-Manager\\server\\models\\event.js","statementMap":{"0":{"start":{"line":3,"column":0},"end":{"line":74,"column":2}},"1":{"start":{"line":4,"column":14},"end":{"line":62,"column":4}},"2":{"start":{"line":64,"column":2},"end":{"line":72,"column":4}},"3":{"start":{"line":65,"column":4},"end":{"line":68,"column":7}},"4":{"start":{"line":69,"column":4},"end":{"line":71,"column":7}},"5":{"start":{"line":73,"column":2},"end":{"line":73,"column":15}}},"fnMap":{"0":{"name":"(anonymous_0)","decl":{"start":{"line":3,"column":17},"end":{"line":3,"column":18}},"loc":{"start":{"line":3,"column":49},"end":{"line":74,"column":1}},"line":3},"1":{"name":"(anonymous_1)","decl":{"start":{"line":64,"column":20},"end":{"line":64,"column":21}},"loc":{"start":{"line":64,"column":38},"end":{"line":72,"column":3}},"line":64}},"branchMap":{},"s":{"0":1,"1":1,"2":1,"3":1,"4":1,"5":1},"f":{"0":1,"1":1},"b":{},"_coverageSchema":"332fd63041d2c1bcb487cc26dd0d5f7d97098a6c","hash":"677f1d0cec162793d0f5cf3b3c3344107f0823fd","contentHash":"e1719a0070c293c94e68664703cf810d_11.3.0"},"C:\\Users\\Tony\\Desktop\\Events-Manager\\server\\models\\user.js":{"path":"C:\\Users\\Tony\\Desktop\\Events-Manager\\server\\models\\user.js","statementMap":{"0":{"start":{"line":3,"column":14},"end":{"line":3,"column":31}},"1":{"start":{"line":5,"column":15},"end":{"line":5,"column":46}},"2":{"start":{"line":7,"column":39},"end":{"line":7,"column":93}},"3":{"start":{"line":9,"column":0},"end":{"line":79,"column":2}},"4":{"start":{"line":10,"column":13},"end":{"line":48,"column":4}},"5":{"start":{"line":41,"column":8},"end":{"line":45,"column":11}},"6":{"start":{"line":42,"column":10},"end":{"line":42,"column":31}},"7":{"start":{"line":44,"column":10},"end":{"line":44,"column":20}},"8":{"start":{"line":49,"column":2},"end":{"line":56,"column":4}},"9":{"start":{"line":50,"column":4},"end":{"line":52,"column":7}},"10":{"start":{"line":53,"column":4},"end":{"line":55,"column":7}},"11":{"start":{"line":58,"column":2},"end":{"line":69,"column":4}},"12":{"start":{"line":59,"column":4},"end":{"line":59,"column":38}},"13":{"start":{"line":60,"column":4},"end":{"line":68,"column":7}},"14":{"start":{"line":65,"column":6},"end":{"line":65,"column":23}},"15":{"start":{"line":67,"column":6},"end":{"line":67,"column":16}},"16":{"start":{"line":71,"column":2},"end":{"line":77,"column":4}},"17":{"start":{"line":72,"column":4},"end":{"line":76,"column":7}},"18":{"start":{"line":73,"column":6},"end":{"line":73,"column":24}},"19":{"start":{"line":75,"column":6},"end":{"line":75,"column":16}},"20":{"start":{"line":78,"column":2},"end":{"line":78,"column":14}}},"fnMap":{"0":{"name":"_interopRequireDefault","decl":{"start":{"line":7,"column":9},"end":{"line":7,"column":31}},"loc":{"start":{"line":7,"column":37},"end":{"line":7,"column":95}},"line":7},"1":{"name":"(anonymous_1)","decl":{"start":{"line":9,"column":17},"end":{"line":9,"column":18}},"loc":{"start":{"line":9,"column":49},"end":{"line":79,"column":1}},"line":9},"2":{"name":"beforeCreate","decl":{"start":{"line":40,"column":29},"end":{"line":40,"column":41}},"loc":{"start":{"line":40,"column":48},"end":{"line":46,"column":7}},"line":40},"3":{"name":"(anonymous_3)","decl":{"start":{"line":41,"column":61},"end":{"line":41,"column":62}},"loc":{"start":{"line":41,"column":77},"end":{"line":43,"column":9}},"line":41},"4":{"name":"(anonymous_4)","decl":{"start":{"line":43,"column":17},"end":{"line":43,"column":18}},"loc":{"start":{"line":43,"column":32},"end":{"line":45,"column":9}},"line":43},"5":{"name":"(anonymous_5)","decl":{"start":{"line":49,"column":19},"end":{"line":49,"column":20}},"loc":{"start":{"line":49,"column":37},"end":{"line":56,"column":3}},"line":49},"6":{"name":"(anonymous_6)","decl":{"start":{"line":58,"column":21},"end":{"line":58,"column":22}},"loc":{"start":{"line":58,"column":51},"end":{"line":69,"column":3}},"line":58},"7":{"name":"(anonymous_7)","decl":{"start":{"line":64,"column":12},"end":{"line":64,"column":13}},"loc":{"start":{"line":64,"column":30},"end":{"line":66,"column":5}},"line":64},"8":{"name":"(anonymous_8)","decl":{"start":{"line":66,"column":13},"end":{"line":66,"column":14}},"loc":{"start":{"line":66,"column":28},"end":{"line":68,"column":5}},"line":66},"9":{"name":"(anonymous_9)","decl":{"start":{"line":71,"column":34},"end":{"line":71,"column":35}},"loc":{"start":{"line":71,"column":70},"end":{"line":77,"column":3}},"line":71},"10":{"name":"(anonymous_10)","decl":{"start":{"line":72,"column":50},"end":{"line":72,"column":51}},"loc":{"start":{"line":72,"column":69},"end":{"line":74,"column":5}},"line":72},"11":{"name":"(anonymous_11)","decl":{"start":{"line":74,"column":13},"end":{"line":74,"column":14}},"loc":{"start":{"line":74,"column":28},"end":{"line":76,"column":5}},"line":74}},"branchMap":{"0":{"loc":{"start":{"line":7,"column":46},"end":{"line":7,"column":92}},"type":"cond-expr","locations":[{"start":{"line":7,"column":70},"end":{"line":7,"column":73}},{"start":{"line":7,"column":76},"end":{"line":7,"column":92}}],"line":7},"1":{"loc":{"start":{"line":7,"column":46},"end":{"line":7,"column":67}},"type":"binary-expr","locations":[{"start":{"line":7,"column":46},"end":{"line":7,"column":49}},{"start":{"line":7,"column":53},"end":{"line":7,"column":67}}],"line":7}},"s":{"0":1,"1":1,"2":1,"3":1,"4":1,"5":4,"6":4,"7":0,"8":1,"9":1,"10":1,"11":1,"12":2,"13":2,"14":2,"15":0,"16":1,"17":1,"18":1,"19":0,"20":1},"f":{"0":1,"1":1,"2":4,"3":4,"4":0,"5":1,"6":2,"7":2,"8":0,"9":1,"10":1,"11":0},"b":{"0":[0,1],"1":[1,1]},"_coverageSchema":"332fd63041d2c1bcb487cc26dd0d5f7d97098a6c","hash":"38d882b03f487110fae373b836c16c9eec54b86e","contentHash":"720dae35c0381dc0cff4339122996467_11.3.0"},"C:\\Users\\Tony\\Desktop\\Events-Manager\\server\\validation\\userSignUp.js":{"path":"C:\\Users\\Tony\\Desktop\\Events-Manager\\server\\validation\\userSignUp.js","statementMap":{"0":{"start":{"line":3,"column":0},"end":{"line":5,"column":3}},"1":{"start":{"line":6,"column":26},"end":{"line":24,"column":1}},"2":{"start":{"line":7,"column":18},"end":{"line":7,"column":26}},"3":{"start":{"line":8,"column":17},"end":{"line":8,"column":35}},"4":{"start":{"line":9,"column":24},"end":{"line":9,"column":49}},"5":{"start":{"line":11,"column":2},"end":{"line":11,"column":45}},"6":{"start":{"line":12,"column":2},"end":{"line":12,"column":76}},"7":{"start":{"line":13,"column":2},"end":{"line":13,"column":166}},"8":{"start":{"line":14,"column":2},"end":{"line":14,"column":139}},"9":{"start":{"line":15,"column":2},"end":{"line":15,"column":69}},"10":{"start":{"line":16,"column":2},"end":{"line":16,"column":90}},"11":{"start":{"line":17,"column":2},"end":{"line":17,"column":75}},"12":{"start":{"line":18,"column":2},"end":{"line":18,"column":141}},"13":{"start":{"line":19,"column":2},"end":{"line":19,"column":97}},"14":{"start":{"line":20,"column":2},"end":{"line":20,"column":45}},"15":{"start":{"line":21,"column":2},"end":{"line":21,"column":31}},"16":{"start":{"line":22,"column":2},"end":{"line":22,"column":41}},"17":{"start":{"line":23,"column":2},"end":{"line":23,"column":9}},"18":{"start":{"line":25,"column":0},"end":{"line":25,"column":38}}},"fnMap":{"0":{"name":"userSignUpValidator","decl":{"start":{"line":6,"column":35},"end":{"line":6,"column":54}},"loc":{"start":{"line":6,"column":71},"end":{"line":24,"column":1}},"line":6}},"branchMap":{},"s":{"0":1,"1":1,"2":15,"3":15,"4":15,"5":15,"6":15,"7":15,"8":15,"9":15,"10":15,"11":15,"12":15,"13":15,"14":15,"15":15,"16":15,"17":15,"18":1},"f":{"0":15},"b":{},"_coverageSchema":"332fd63041d2c1bcb487cc26dd0d5f7d97098a6c","hash":"28d26340f2b0b234357d2da59c3b5a9376c9df51","contentHash":"7320fa43b7c1356a938086802ff16f84_11.3.0"},"C:\\Users\\Tony\\Desktop\\Events-Manager\\server\\validation\\userSignIn.js":{"path":"C:\\Users\\Tony\\Desktop\\Events-Manager\\server\\validation\\userSignIn.js","statementMap":{"0":{"start":{"line":3,"column":0},"end":{"line":5,"column":3}},"1":{"start":{"line":6,"column":26},"end":{"line":12,"column":1}},"2":{"start":{"line":7,"column":2},"end":{"line":7,"column":73}},"3":{"start":{"line":8,"column":2},"end":{"line":8,"column":73}},"4":{"start":{"line":9,"column":2},"end":{"line":9,"column":45}},"5":{"start":{"line":10,"column":2},"end":{"line":10,"column":45}},"6":{"start":{"line":11,"column":2},"end":{"line":11,"column":9}},"7":{"start":{"line":13,"column":0},"end":{"line":13,"column":38}}},"fnMap":{"0":{"name":"userSignInValidator","decl":{"start":{"line":6,"column":35},"end":{"line":6,"column":54}},"loc":{"start":{"line":6,"column":71},"end":{"line":12,"column":1}},"line":6}},"branchMap":{},"s":{"0":1,"1":1,"2":4,"3":4,"4":4,"5":4,"6":4,"7":1},"f":{"0":4},"b":{},"_coverageSchema":"332fd63041d2c1bcb487cc26dd0d5f7d97098a6c","hash":"13bbb311ff803b90957a037c68569537b024c3f6","contentHash":"15c092473ab42da9783f0fa4ec929d15_11.3.0"},"C:\\Users\\Tony\\Desktop\\Events-Manager\\server\\routes\\centerRoute.js":{"path":"C:\\Users\\Tony\\Desktop\\Events-Manager\\server\\routes\\centerRoute.js","statementMap":{"0":{"start":{"line":3,"column":0},"end":{"line":5,"column":3}},"1":{"start":{"line":7,"column":15},"end":{"line":7,"column":33}},"2":{"start":{"line":9,"column":16},"end":{"line":9,"column":48}},"3":{"start":{"line":11,"column":27},"end":{"line":11,"column":71}},"4":{"start":{"line":13,"column":28},"end":{"line":13,"column":72}},"5":{"start":{"line":15,"column":24},"end":{"line":15,"column":66}},"6":{"start":{"line":17,"column":25},"end":{"line":17,"column":66}},"7":{"start":{"line":19,"column":20},"end":{"line":19,"column":57}},"8":{"start":{"line":21,"column":21},"end":{"line":21,"column":58}},"9":{"start":{"line":23,"column":25},"end":{"line":23,"column":61}},"10":{"start":{"line":25,"column":26},"end":{"line":25,"column":68}},"11":{"start":{"line":27,"column":27},"end":{"line":27,"column":71}},"12":{"start":{"line":29,"column":28},"end":{"line":29,"column":72}},"13":{"start":{"line":31,"column":15},"end":{"line":31,"column":41}},"14":{"start":{"line":33,"column":16},"end":{"line":33,"column":48}},"15":{"start":{"line":35,"column":19},"end":{"line":35,"column":55}},"16":{"start":{"line":37,"column":20},"end":{"line":37,"column":56}},"17":{"start":{"line":39,"column":39},"end":{"line":39,"column":93}},"18":{"start":{"line":41,"column":13},"end":{"line":41,"column":39}},"19":{"start":{"line":43,"column":0},"end":{"line":43,"column":189}},"20":{"start":{"line":44,"column":0},"end":{"line":44,"column":255}},"21":{"start":{"line":45,"column":0},"end":{"line":45,"column":58}},"22":{"start":{"line":46,"column":0},"end":{"line":46,"column":114}},"23":{"start":{"line":48,"column":0},"end":{"line":48,"column":25}}},"fnMap":{"0":{"name":"_interopRequireDefault","decl":{"start":{"line":39,"column":9},"end":{"line":39,"column":31}},"loc":{"start":{"line":39,"column":37},"end":{"line":39,"column":95}},"line":39}},"branchMap":{"0":{"loc":{"start":{"line":39,"column":46},"end":{"line":39,"column":92}},"type":"cond-expr","locations":[{"start":{"line":39,"column":70},"end":{"line":39,"column":73}},{"start":{"line":39,"column":76},"end":{"line":39,"column":92}}],"line":39},"1":{"loc":{"start":{"line":39,"column":46},"end":{"line":39,"column":67}},"type":"binary-expr","locations":[{"start":{"line":39,"column":46},"end":{"line":39,"column":49}},{"start":{"line":39,"column":53},"end":{"line":39,"column":67}}],"line":39}},"s":{"0":1,"1":1,"2":1,"3":1,"4":1,"5":1,"6":1,"7":1,"8":1,"9":1,"10":1,"11":1,"12":1,"13":1,"14":1,"15":1,"16":1,"17":8,"18":1,"19":1,"20":1,"21":1,"22":1,"23":1},"f":{"0":8},"b":{"0":[7,1],"1":[8,8]},"_coverageSchema":"332fd63041d2c1bcb487cc26dd0d5f7d97098a6c","hash":"d04ae2977b0114c198b7536cd0eed65f04b5067c","contentHash":"5315437d5db3f0586ac02e13ca352ef6_11.3.0"},"C:\\Users\\Tony\\Desktop\\Events-Manager\\server\\controllers\\centercontroller.js":{"path":"C:\\Users\\Tony\\Desktop\\Events-Manager\\server\\controllers\\centercontroller.js","statementMap":{"0":{"start":{"line":3,"column":0},"end":{"line":5,"column":3}},"1":{"start":{"line":7,"column":19},"end":{"line":7,"column":563}},"2":{"start":{"line":7,"column":76},"end":{"line":7,"column":347}},"3":{"start":{"line":7,"column":134},"end":{"line":7,"column":142}},"4":{"start":{"line":7,"column":144},"end":{"line":7,"column":199}},"5":{"start":{"line":7,"column":200},"end":{"line":7,"column":231}},"6":{"start":{"line":7,"column":232},"end":{"line":7,"column":286}},"7":{"start":{"line":7,"column":259},"end":{"line":7,"column":286}},"8":{"start":{"line":7,"column":287},"end":{"line":7,"column":345}},"9":{"start":{"line":7,"column":350},"end":{"line":7,"column":559}},"10":{"start":{"line":7,"column":407},"end":{"line":7,"column":475}},"11":{"start":{"line":7,"column":423},"end":{"line":7,"column":475}},"12":{"start":{"line":7,"column":476},"end":{"line":7,"column":536}},"13":{"start":{"line":7,"column":493},"end":{"line":7,"column":536}},"14":{"start":{"line":7,"column":537},"end":{"line":7,"column":556}},"15":{"start":{"line":9,"column":13},"end":{"line":9,"column":39}},"16":{"start":{"line":11,"column":14},"end":{"line":11,"column":44}},"17":{"start":{"line":13,"column":39},"end":{"line":13,"column":93}},"18":{"start":{"line":15,"column":50},"end":{"line":15,"column":151}},"19":{"start":{"line":15,"column":92},"end":{"line":15,"column":149}},"20":{"start":{"line":20,"column":23},"end":{"line":174,"column":3}},"21":{"start":{"line":22,"column":4},"end":{"line":22,"column":44}},"22":{"start":{"line":25,"column":2},"end":{"line":171,"column":6}},"23":{"start":{"line":35,"column":19},"end":{"line":35,"column":37}},"24":{"start":{"line":36,"column":22},"end":{"line":36,"column":30}},"25":{"start":{"line":37,"column":17},"end":{"line":37,"column":31}},"26":{"start":{"line":38,"column":21},"end":{"line":38,"column":39}},"27":{"start":{"line":39,"column":24},"end":{"line":39,"column":45}},"28":{"start":{"line":40,"column":24},"end":{"line":40,"column":45}},"29":{"start":{"line":41,"column":23},"end":{"line":41,"column":43}},"30":{"start":{"line":42,"column":25},"end":{"line":42,"column":47}},"31":{"start":{"line":44,"column":6},"end":{"line":61,"column":9}},"32":{"start":{"line":53,"column":8},"end":{"line":56,"column":11}},"33":{"start":{"line":58,
[...]
ne":82,"column":13}},"42":{"start":{"line":96,"column":23},"end":{"line":96,"column":31}},"43":{"start":{"line":97,"column":18},"end":{"line":97,"column":34}},"44":{"start":{"line":98,"column":24},"end":{"line":98,"column":46}},"45":{"start":{"line":99,"column":30},"end":{"line":99,"column":58}},"46":{"start":{"line":100,"column":22},"end":{"line":100,"column":42}},"47":{"start":{"line":101,"column":23},"end":{"line":101,"column":44}},"48":{"start":{"line":102,"column":31},"end":{"line":102,"column":60}},"49":{"start":{"line":103,"column":21},"end":{"line":103,"column":40}},"50":{"start":{"line":104,"column":22},"end":{"line":104,"column":42}},"51":{"start":{"line":105,"column":21},"end":{"line":105,"column":40}},"52":{"start":{"line":106,"column":26},"end":{"line":106,"column":50}},"53":{"start":{"line":107,"column":24},"end":{"line":107,"column":46}},"54":{"start":{"line":108,"column":15},"end":{"line":108,"column":28}},"55":{"start":{"line":110,"column":6},"end":{"line":143,"column":9}},"56":{"start":{"line":111,"column":8},"end":{"line":138,"column":9}},"57":{"start":{"line":112,"column":10},"end":{"line":135,"column":11}},"58":{"start":{"line":113,"column":12},"end":{"line":115,"column":15}},"59":{"start":{"line":117,"column":12},"end":{"line":134,"column":15}},"60":{"start":{"line":130,"column":14},"end":{"line":133,"column":17}},"61":{"start":{"line":137,"column":10},"end":{"line":137,"column":32}},"62":{"start":{"line":140,"column":8},"end":{"line":142,"column":11}},"63":{"start":{"line":156,"column":15},"end":{"line":156,"column":28}},"64":{"start":{"line":158,"column":6},"end":{"line":182,"column":9}},"65":{"start":{"line":159,"column":8},"end":{"line":181,"column":9}},"66":{"start":{"line":160,"column":10},"end":{"line":178,"column":11}},"67":{"start":{"line":161,"column":12},"end":{"line":163,"column":15}},"68":{"start":{"line":165,"column":12},"end":{"line":177,"column":15}},"69":{"start":{"line":170,"column":14},"end":{"line":172,"column":17}},"70":{"start":{"line":174,"column":14},"end":{"line":176,"column":17}},"71":{"start":{"line":180,"column":10},"end":{"line":180,"column":32}},"72":{"start":{"line":186,"column":2},"end":{"line":186,"column":25}},"73":{"start":{"line":189,"column":0},"end":{"line":189,"column":34}}},"fnMap":{"0":{"name":"(anonymous_0)","decl":{"start":{"line":7,"column":19},"end":{"line":7,"column":20}},"loc":{"start":{"line":7,"column":31},"end":{"line":7,"column":561}},"line":7},"1":{"name":"defineProperties","decl":{"start":{"line":7,"column":42},"end":{"line":7,"column":58}},"loc":{"start":{"line":7,"column":74},"end":{"line":7,"column":349}},"line":7},"2":{"name":"(anonymous_2)","decl":{"start":{"line":7,"column":357},"end":{"line":7,"column":358}},"loc":{"start":{"line":7,"column":405},"end":{"line":7,"column":558}},"line":7},"3":{"name":"_interopRequireDefault","decl":{"start":{"line":13,"column":9},"end":{"line":13,"column":31}},"loc":{"start":{"line":13,"column":37},"end":{"line":13,"column":95}},"line":13},"4":{"name":"_classCallCheck","decl":{"start":{"line":15,"column":9},"end":{"line":15,"column":24}},"loc":{"start":{"line":15,"column":48},"end":{"line":15,"column":153}},"line":15},"5":{"name":"(anonymous_5)","decl":{"start":{"line":20,"column":22},"end":{"line":20,"column":23}},"loc":{"start":{"line":20,"column":34},"end":{"line":187,"column":1}},"line":20},"6":{"name":"eventcontroller","decl":{"start":{"line":21,"column":11},"end":{"line":21,"column":26}},"loc":{"start":{"line":21,"column":29},"end":{"line":23,"column":3}},"line":21},"7":{"name":"addEvent","decl":{"start":{"line":34,"column":20},"end":{"line":34,"column":28}},"loc":{"start":{"line":34,"column":39},"end":{"line":85,"column":5}},"line":34},"8":{"name":"(anonymous_8)","decl":{"start":{"line":54,"column":14},"end":{"line":54,"column":15}},"loc":{"start":{"line":54,"column":32},"end":{"line":84,"column":7}},"line":54},"9":{"name":"(anonymous_9)","decl":{"start":{"line":69,"column":18},"end":{"line":69,"column":19}},"loc":{"start":{"line":69,"column":35},"end":{"line":74,"column":11}},"line":69},"10":{"name":"(anonymous_10)","decl":{"start":{"line":74,"column":19},"end":{"line":74,"column":20}},"loc":{"start":{"line":74,"column":36},"end":{"line":78,"column":11}},"line":74},"11":{"name":"modifyEvent","decl":{"start":{"line":95,"column":20},"end":{"line":95,"column":31}},"loc":{"start":{"line":95,"column":42},"end":{"line":144,"column":5}},"line":95},"12":{"name":"(anonymous_12)","decl":{"start":{"line":110,"column":46},"end":{"line":110,"column":47}},"loc":{"start":{"line":110,"column":63},"end":{"line":139,"column":7}},"line":110},"13":{"name":"(anonymous_13)","decl":{"start":{"line":129,"column":20},"end":{"line":129,"column":21}},"loc":{"start":{"line":129,"column":32},"end":{"line":134,"column":13}},"line":129},"14":{"name":"(anonymous_14)","decl":{"start":{"line":139,"column":15},"end":{"line":139,"column":16}},"loc":{"start":{"line":139,"column":30},"end":{"line":143,"column":7}},"line":139},"15":{"name":"deleteEvent","decl":{"start":{"line":155,"column":20},"end":{"line":155,"column":31}},"loc":{"start":{"line":155,"column":42},"end":{"line":183,"column":5}},"line":155},"16":{"name":"(anonymous_16)","decl":{"start":{"line":158,"column":46},"end":{"line":158,"column":47}},"loc":{"start":{"line":158,"column":63},"end":{"line":182,"column":7}},"line":158},"17":{"name":"(anonymous_17)","decl":{"start":{"line":169,"column":20},"end":{"line":169,"column":21}},"loc":{"start":{"line":169,"column":32},"end":{"line":173,"column":13}},"line":169},"18":{"name":"(anonymous_18)","decl":{"start":{"line":173,"column":21},"end":{"line":173,"column":22}},"loc":{"start":{"line":173,"column":36},"end":{"line":177,"column":13}},"line":173}},"branchMap":{"0":{"loc":{"start":{"line":7,"column":168},"end":{"line":7,"column":198}},"type":"binary-expr","locations":[{"start":{"line":7,"column":168},"end":{"line":7,"column":189}},{"start":{"line":7,"column":193},"end":{"line":7,"column":198}}],"line":7},"1":{"loc":{"start":{"line":7,"column":232},"end":{"line":7,"column":286}},"type":"if","locations":[{"start":{"line":7,"column":232},"end":{"line":7,"column":286}},{"start":{"line":7,"column":232},"end":{"line":7,"column":286}}],"line":7},"2":{"loc":{"start":{"line":7,"column":407},"end":{"line":7,"column":475}},"type":"if","locations":[{"start":{"line":7,"column":407},"end":{"line":7,"column":475}},{"start":{"line":7,"column":407},"end":{"line":7,"column":475}}],"line":7},"3":{"loc":{"start":{"line":7,"column":476},"end":{"line":7,"column":536}},"type":"if","locations":[{"start":{"line":7,"column":476},"end":{"line":7,"column":536}},{"start":{"line":7,"column":476},"end":{"line":7,"column":536}}],"line":7},"4":{"loc":{"start":{"line":13,"column":46},"end":{"line":13,"column":92}},"type":"cond-expr","locations":[{"start":{"line":13,"column":70},"end":{"line":13,"column":73}},{"start":{"line":13,"column":76},"end":{"line":13,"column":92}}],"line":13},"5":{"loc":{"start":{"line":13,"column":46},"end":{"line":13,"column":67}},"type":"binary-expr","locations":[{"start":{"line":13,"column":46},"end":{"line":13,"column":49}},{"start":{"line":13,"column":53},"end":{"line":13,"column":67}}],"line":13},"6":{"loc":{"start":{"line":15,"column":50},"end":{"line":15,"column":151}},"type":"if","locations":[{"start":{"line":15,"column":50},"end":{"line":15,"column":151}},{"start":{"line":15,"column":50},"end":{"line":15,"column":151}}],"line":15},"7":{"loc":{"start":{"line":55,"column":8},"end":{"line":83,"column":9}},"type":"if","locations":[{"start":{"line":55,"column":8},"end":{"line":83,"column":9}},{"start":{"line":55,"column":8},"end":{"line":83,"column":9}}],"line":55},"8":{"loc":{"start":{"line":76,"column":23},"end":{"line":76,"column":63}},"type":"binary-expr","locations":[{"start":{"line":76,"column":23},"end":{"line":76,"column":36}},{"start":{"line":76,"column":40},"end":{"line":76,"column":63}}],"line":76},"9":{"loc":{"start":{"line":111,"column":8},"end":{"line":138,"column":9}},"type":"if","locations":[{"start":{"line":111,"column":8},"end":{"line":138,"column":9}},{"start":{"line":111,"column":8},"end":{"line":138,"column":9}}],"line":111},"10":{"loc":{"start":{"line":112,"column":10},"end":{"line":135,"column":11}},"type":"if","locations":[{"start":{"line":112,"column":10},"end":{"line":135,"column":11}},{"start":{"line":112,"column":10},"end":{"line":135,"column":11}}],"line":112},"11":{"loc":{"start":{"line":141,"column":19},"end":{"line":141,"column":57}},"type":"binary-expr","locations":[{"start":{"line":141,"column":19},"end":{"line":141,"column":30}},{"start":{"line":141,"column":34},"end":{"line":141,"column":57}}],"line":141},"12":{"loc":{"start":{"line":159,"column":8},"end":{"line":181,"column":9}},"type":"if","locations":[{"start":{"line":159,"column":8},"end":{"line":181,"column":9}},{"start":{"line":159,"column":8},"end":{"line":181,"column":9}}],"line":159},"13":{"loc":{"start":{"line":160,"column":10},"end":{"line":178,"column":11}},"type":"if","locations":[{"start":{"line":160,"column":10},"end":{"line":178,"column":11}},{"start":{"line":160,"column":10},"end":{"line":178,"column":11}}],"line":160}},"s":{"0":1,"1":1,"2":1,"3":3,"4":3,"5":3,"6":3,"7":3,"8":3,"9":1,"10":1,"11":0,"12":1,"13":1,"14":1,"15":1,"16":1,"17":1,"18":0,"19":0,"20":1,"21":0,"22":1,"23":0,"24":0,"25":0,"26":0,"27":0,"28":0,"29":0,"30":0,"31":0,"32":0,"33":0,"34":0,"35":0,"36":0,"37":0,"38":0,"39":0,"40":0,"41":0,"42":0,"43":0,"44":0,"45":0,"46":0,"47":0,"48":0,"49":0,"50":0,"51":0,"52":0,"53":0,"54":0,"55":0,"56":0,"57":0,"58":0,"59":0,"60":0,"61":0,"62":0,"63":0,"64":0,"65":0,"66":0,"67":0,"68":0,"69":0,"70":0,"71":0,"72":1,"73":1},"f":{"0":1,"1":1,"2":1,"3":1,"4":0,"5":1,"6":0,"7":0,"8":0,"9":0,"10":0,"11":0,"12":0,"13":0,"14":0,"15":0,"16":0,"17":0,"18":0},"b":{"0":[3,3],"1":[3,0],"2":[0,1],"3":[1,0],"4":[0,1],"5":[1,1],"6":[0,0],"7":[0,0],"8":[0,0],"9":[0,0],"10":[0,0],"11":[0,0],"12":[0,0],"13":[0,0]},"_coverageSchema":"332fd63041d2c1bcb487cc26dd0d5f7d97098a6c","hash":"0380418132af9569087abafab8607b012a9b94b8","contentHash":"3f289241d2b084d253d8f581c5e7803f_11.3.0"},"C:\\Users\\Tony\\Desktop\\Events-Manager\\server\\validation\\createEvent.js":{"path":"C:\\Users\\Tony\\Desktop\\Events-Manager\\server\\validation\\createEvent.js","statementMap":{"0":{"start":{"line":3,"column":0},"end":{"line":5,"column":3}},"1":{"start":{"line":6,"column":27},"end":{"line":20,"column":1}},"2":{"start":{"line":7,"column":2},"end":{"line":7,"column":69}},"3":{"start":{"line":8,"column":2},"end":{"line":8,"column":108}},"4":{"start":{"line":9,"column":2},"end":{"line":9,"column":81}},"5":{"start":{"line":10,"column":2},"end":{"line":10,"column":225}},"6":{"start":{"line":11,"column":2},"end":{"line":11,"column":95}},"7":{"start":{"line":12,"column":2},"end":{"line":12,"column":93}},"8":{"start":{"line":13,"column":2},"end":{"line":13,"column":69}},"9":{"start":{"line":14,"column":2},"end":{"line":14,"column":57}},"10":{"start":{"line":15,"column":2},"end":{"line":15,"column":85}},"11":{"start":{"line":16,"column":2},"end":{"line":16,"column":92}},"12":{"start":{"line":17,"column":2},"end":{"line":17,"column":81}},"13":{"start":{"line":18,"column":2},"end":{"line":18,"column":90}},"14":{"start":{"line":19,"column":2},"end":{"line":19,"column":9}},"15":{"start":{"line":21,"column":0},"end":{"line":21,"column":39}}},"fnMap":{"0":{"name":"createEventValidator","decl":{"start":{"line":6,"column":36},"end":{"line":6,"column":56}},"loc":{"start":{"line":6,"column":73},"end":{"line":20,"column":1}},"line":6}},"branchMap":{},"s":{"0":1,"1":1,"2":10,"3":10,"4":10,"5":10,"6":10,"7":10,"8":10,"9":10,"10":10,"11":10,"12":10,"13":10,"14":10,"15":1},"f":{"0":10},"b":{},"_coverageSchema":"332fd63041d2c1bcb487cc26dd0d5f7d97098a6c","hash":"a9cefbebbfdeb9172f75eedf0782dbb945d6e89a","contentHash":"9bbe52f94cfdc9dbbecbcff5800ec8d1_11.3.0"},"C:\\Users\\Tony\\Desktop\\Events-Manager\\server\\validation\\isDateValid.js":{"path":"C:\\Users\\Tony\\Desktop\\Events-Manager\\server\\validation\\isDateValid.js","statementMap":{"0":{"start":{"line":3,"column":0},"end":{"line":5,"column":3}},"1":{"start":{"line":7,"column":14},"end":{"line":7,"column":34}},"2":{"start":{"line":9,"column":15},"end":{"line":9,"column":46}},"3":{"start":{"line":11,"column":39},"end":{"line":11,"column":93}},"4":{"start":{"line":13,"column":44},"end":{"line":13,"column":195}},"5":{"start":{"line":13,"column":62},"end":{"line":13,"column":166}},"6":{"start":{"line":13,"column":176},"end":{"line":13,"column":193}},"7":{"start":{"line":13,"column":196},"end":{"line":13,"column":207}},"8":{"start":{"line":15,"column":18},"end":{"line":49,"column":1}},"9":{"start":{"line":16,"column":18},"end":{"line":16,"column":26}},"10":{"start":{"line":17,"column":22},"end":{"line":17,"column":45}},"11":{"start":{"line":18,"column":20},"end":{"line":18,"column":41}},"12":{"start":{"line":19,"column":17},"end":{"line":19,"column":35}},"13":{"start":{"line":22,"column":14},"end":{"line":22,"column":24}},"14":{"start":{"line":24,"column":2},"end":{"line":48,"column":3}},"15":{"start":{"line":25,"column":4},"end":{"line":27,"column":7}},"16":{"start":{"line":28,"column":9},"end":{"line":48,"column":3}},"17":{"start":{"line":29,"column":4},"end":{"line":31,"column":7}},"18":{"start":{"line":33,"column":4},"end":{"line":47,"column":7}},"19":{"start":{"line":40,"column":6},"end":{"line":46,"column":7}},"20":{"start":{"line":41,"column":8},"end":{"line":43,"column":11}},"21":{"start":{"line":45,"column":8},"end":{"line":45,"column":15}},"22":{"start":{"line":51,"column":0},"end":{"line":51,"column":30}}},"fnMap":{"0":{"name":"_interopRequireDefault","decl":{"start":{"line":11,"column":9},"end":{"line":11,"column":31}},"loc":{"start":{"line":11,"column":37},"end":{"line":11,"column":95}},"line":11},"1":{"name":"_defineProperty","decl":{"start":{"line":13,"column":9},"end":{"line":13,"column":24}},"loc":{"start":{"line":13,"column":42},"end":{"line":13,"column":209}},"line":13},"2":{"name":"isdatevalid","decl":{"start":{"line":15,"column":27},"end":{"line":15,"column":38}},"loc":{"start":{"line":15,"column":55},"end":{"line":49,"column":1}},"line":15},"3":{"name":"(anonymous_3)","decl":{"start":{"line":39,"column":12},"end":{"line":39,"column":13}},"loc":{"start":{"line":39,"column":29},"end":{"line":47,"column":5}},"line":39}},"branchMap":{"0":{"loc":{"start":{"line":11,"column":46},"end":{"line":11,"column":92}},"type":"cond-expr","locations":[{"start":{"line":11,"column":70},"end":{"line":11,"column":73}},{"start":{"line":11,"column":76},"end":{"line":11,"column":92}}],"line":11},"1":{"loc":{"start":{"line":11,"column":46},"end":{"line":11,"column":67}},"type":"binary-expr","locations":[{"start":{"line":11,"column":46},"end":{"line":11,"column":49}},{"start":{"line":11,"column":53},"end":{"line":11,"column":67}}],"line":11},"2":{"loc":{"start":{"line":13,"column":44},"end":{"line":13,"column":195}},"type":"if","locations":[{"start":{"line":13,"column":44},"end":{"line":13,"column":195}},{"start":{"line":13,"column":44},"end":{"line":13,"column":195}}],"line":13},"3":{"loc":{"start":{"line":24,"column":2},"end":{"line":48,"column":3}},"type":"if","locations":[{"start":{"line":24,"column":2},"end":{"line":48,"column":3}},{"start":{"line":24,"column":2},"end":{"line":48,"column":3}}],"line":24},"4":{"loc":{"start":{"line":24,"column":6},"end":{"line":24,"column":70}},"type":"binary-expr","locations":[{"start":{"line":24,"column":6},"end":{"line":24,"column":37}},{"start":{"line":24,"column":41},"end":{"line":24,"column":70}}],"line":24},"5":{"loc":{"start":{"line":28,"column":9},"end":{"line":48,"column":3}},"type":"if","locations":[{"start":{"line":28,"column":9},"end":{"line":48,"column":3}},{"start":{"line":28,"column":9},"end":{"line":48,"column":3}}],"line":28},"6":{"loc":{"start":{"line":40,"column":6},"end":{"line":46,"column":7}},"type":"if","locations":[{"start":{"line":40,"column":6},"end":{"line":46,"column":7}},{"start":{"line":40,"column":6},"end":{"line":46,"column":7}}],"line":40}},"s":{"0":1,"1":1,"2":1,"3":1,"4":0,"5":0,"6":0,"7":0,"8":1,"9":0,"10":0,"11":0,"12":0,"13":0,"14":0,"15":0,"16":0,"17":0,"18":0,"19":0,"20":0,"21":0,"22":1},"f":{"0":1,"1":0,"2":0,"3":0},"b":{"0":[0,1],"1":[1,1],"2":[0,0],"3":[0,0],"4":[0,0],"5":[0,0],"6":[0,0]},"_coverageSchema":"332fd63041d2c1bcb487cc26dd0d5f7d97098a6c","hash":"aded19d0b43d01acbbecb88f10683b63de026523","contentHash":"23b727b8dd74745fb8b2983c097c30b7_11.3.0"},"C:\\Users\\Tony\\Desktop\\Events-Manager\\server\\validation\\isValidCenterId.js":{"path":"C:\\Users\\Tony\\Desktop\\Events-Manager\\server\\validation\\isValidCenterId.js","statementMap":{"0":{"start":{"line":3,"column":0},"end":{"line":5,"column":3}},"1":{"start":{"line":7,"column":31},"end":{"line":10,"column":1}},"2":{"start":{"line":8,"column":2},"end":{"line":8,"column":53}},"3":{"start":{"line":9,"column":2},"end":{"line":9,"column":9}},"4":{"start":{"line":12,"column":0},"end":{"line":12,"column":43}}},"fnMap":{"0":{"name":"isValidCenterIdValidator","decl":{"start":{"line":7,"column":40},"end":{"line":7,"column":64}},"loc":{"start":{"line":7,"column":81},"end":{"line":10,"column":1}},"line":7}},"branchMap":{},"s":{"0":1,"1":1,"2":0,"3":0,"4":1},"f":{"0":0},"b":{},"_coverageSchema":"332fd63041d2c1bcb487cc26dd0d5f7d97098a6c","hash":"2c0f236922f855777ef5f518201c54d24be53b89","contentHash":"3e24afec6794538bdee48345d2beef71_11.3.0"},"C:\\Users\\Tony\\Desktop\\Events-Manager\\server\\validation\\doesCenterExist.js":{"path":"C:\\Users\\Tony\\Desktop\\Events-Manager\\server\\validation\\doesCenterExist.js","statementMap":{"0":{"start":{"line":3,"column":0},"end":{"line":5,"column":3}},"1":{"start":{"line":7,"column":14},"end":{"line":7,"column":34}},"2":{"start":{"line":9,"column":15},"end":{"line":9,"column":46}},"3":{"start":{"line":11,"column":39},"end":{"line":11,"column":93}},"4":{"start":{"line":13,"column":22},"end":{"line":25,"column":1}},"5":{"start":{"line":14,"column":17},"end":{"line":14,"column":34}},"6":{"start":{"line":16,"column":2},"end":{"line":24,"column":5}},"7":{"start":{"line":17,"column":4},"end":{"line":23,"column":5}},"8":{"start":{"line":18,"column":6},"end":{"line":18,"column":13}},"9":{"start":{"line":20,"column":6},"end":{"line":22,"column":9}},"10":{"start":{"line":27,"column":0},"end":{"line":27,"column":34}}},"fnMap":{"0":{"name":"_interopRequireDefault","decl":{"start":{"line":11,"column":9},"end":{"line":11,"column":31}},"loc":{"start":{"line":11,"column":37},"end":{"line":11,"column":95}},"line":11},"1":{"name":"doesCenterExist","decl":{"start":{"line":13,"column":31},"end":{"line":13,"column":46}},"loc":{"start":{"line":13,"column":63},"end":{"line":25,"column":1}},"line":13},"2":{"name":"(anonymous_2)","decl":{"start":{"line":16,"column":50},"end":{"line":16,"column":51}},"loc":{"start":{"line":16,"column":68},"end":{"line":24,"column":3}},"line":16}},"branchMap":{"0":{"loc":{"start":{"line":11,"column":46},"end":{"line":11,"column":92}},"type":"cond-expr","locations":[{"start":{"line":11,"column":70},"end":{"line":11,"column":73}},{"start":{"line":11,"column":76},"end":{"line":11,"column":92}}],"line":11},"1":{"loc":{"start":{"line":11,"column":46},"end":{"line":11,"column":67}},"type":"binary-expr","locations":[{"start":{"line":11,"column":46},"end":{"line":11,"column":49}},{"start":{"line":11,"column":53},"end":{"line":11,"column":67}}],"line":11},"2":{"loc":{"start":{"line":17,"column":4},"end":{"line":23,"column":5}},"type":"if","locations":[{"start":{"line":17,"column":4},"end":{"line":23,"column":5}},{"start":{"line":17,"column":4},"end":{"line":23,"column":5}}],"line":17}},"s":{"0":1,"1":1,"2":1,"3":1,"4":1,"5":0,"6":0,"7":0,"8":0,"9":0,"10":1},"f":{"0":1,"1":0,"2":0},"b":{"0":[0,1],"1":[1,1],"2":[0,0]},"_coverageSchema":"332fd63041d2c1bcb487cc26dd0d5f7d97098a6c","hash":"31b7a9f948820698d142acf927115c66a2f6a046","contentHash":"32ddc6b6ecbca626511103d0fbca4080_11.3.0"}}